#
# A fatal error has been detected by the Java Runtime Environment:
#
#  EXCEPTION_ACCESS_VIOLATION (0xc0000005) at pc=0x00007ffb6d9fccc1, pid=12796, tid=11936
#
# JRE version: Java(TM) SE Runtime Environment (17.0.2+8) (build 17.0.2+8-LTS-86)
# Java VM: Java HotSpot(TM) 64-Bit Server VM (17.0.2+8-LTS-86, mixed mode, sharing, tiered, compressed oops, compressed class ptrs, g1 gc, windows-amd64)
# Problematic frame:
# V  [jvm.dll+0x1accc1]
#
# No core dump will be written. Minidumps are not enabled by default on client versions of Windows
#
# If you would like to submit a bug report, please visit:
#   https://bugreport.java.com/bugreport/crash.jsp
#

---------------  S U M M A R Y ------------

Command Line: -Dmaven.multiModuleProjectDirectory=C:\Users\cinth\OneDrive\Escritorio\PortfolioWebFullStack-develophp\PortfolioWebFullStack-develophp\Backend\cvj17\cv org.apache.maven.wrapper.MavenWrapperMain -Dexec.vmArgs= -Dexec.args=${exec.vmArgs} -classpath %classpath ${exec.mainClass} ${exec.appArgs} -Dexec.executable=C:\Program Files\Java\jdk-17.0.2\bin\java.exe -Dexec.mainClass=com.portfolio.cv.CvApplication -Dexec.classpathScope=runtime -Dexec.appArgs= -Dmaven.ext.class.path=C:\Program Files\NetBeans-12.6\netbeans\java\maven-nblib\netbeans-eventspy.jar -Dfile.encoding=UTF-8 org.codehaus.mojo:exec-maven-plugin:3.0.0:exec

Host: Intel(R) Core(TM) i5-4460  CPU @ 3.20GHz, 4 cores, 7G,  Windows 11 , 64 bit Build 22000 (10.0.22000.708)
Time: Sat Jul  2 19:54:47 2022 Hora estándar de Argentina elapsed time: 1.682733 seconds (0d 0h 0m 1s)

---------------  T H R E A D  ---------------

Current thread (0x0000020bea5f8020):  GCTaskThread "GC Thread#2" [stack: 0x000000ad64b00000,0x000000ad64c00000] [id=11936]

Stack: [0x000000ad64b00000,0x000000ad64c00000],  sp=0x000000ad64bff828,  free space=1022k
Native frames: (J=compiled Java code, j=interpreted, Vv=VM code, C=native code)
V  [jvm.dll+0x1accc1]


siginfo: EXCEPTION_ACCESS_VIOLATION (0xc0000005), reading address 0x0000000000000100


Register to memory mapping:

RIP=0x00007ffb6d9fccc1 jvm.dll
RAX=0x0 is NULL
RBX=0x0000000000000001 is an unknown value
RCX=0x0000000800000000 is pointing into metadata
RDX=0x00000000865b2db8 is pointing into object: [Ljava.util.HashMap$Node; 
{0x00000000865b2db0} - klass: 'java/util/HashMap$Node'[]
 - length: 2
RSP=0x000000ad64bff828 points into unknown readable memory: 0x00007ffb6db5272c | 2c 27 b5 6d fb 7f 00 00
RBP=0x00000000000009e5 is an unknown value
RSI=0x0000000083f1e794 is pointing into object: java.util.LinkedHashMap 
{0x0000000083f1e770} - klass: 'java/util/LinkedHashMap'
 - ---- fields (total size 7 words):
 - transient 'keySet' 'Ljava/util/Set;' @12  NULL (0)
 - transient 'values' 'Ljava/util/Collection;' @16  NULL (0)
 - transient 'size' 'I' @20  1
 - transient 'modCount' 'I' @24  1
 - 'threshold' 'I' @28  1
 - final 'loadFactor' 'F' @32  0.750000 (3f400000)
 - transient 'table' '[Ljava/util/HashMap$Node;' @36  
[error occurred during error reporting (printing register info), id 0xc0000005, EXCEPTION_ACCESS_VIOLATION (0xc0000005) at pc=0x00007ffb6dead349]

Registers:
RAX=0x0000000000000000, RBX=0x0000000000000001, RCX=0x0000000800000000, RDX=0x00000000865b2db8
RSP=0x000000ad64bff828, RBP=0x00000000000009e5, RSI=0x0000000083f1e794, RDI=0x00000000865b2db8
R8 =0x0000000000000000, R9 =0x0000000800000000, R10=0x00000000865b2db8, R11=0x00007ffbbfbc15b5
R12=0x000000ad64bffb50, R13=0x0000020bcbaa2da0, R14=0x0000020bea99d4f0, R15=0x0000000800000000
RIP=0x00007ffb6d9fccc1, EFLAGS=0x0000000000010246

Top of Stack: (sp=0x000000ad64bff828)
0x000000ad64bff828:   00007ffb6db5272c 0000000000000000
0x000000ad64bff838:   00000000865b2d48 0000000000000001
0x000000ad64bff848:   0000000081053600 0000000000000000
0x000000ad64bff858:   00007ffb00000000 0000000000000001
0x000000ad64bff868:   0000020bcbb37a30 00000000810535bc
0x000000ad64bff878:   00007ffb6db58d89 0000020bea99d670
0x000000ad64bff888:   0000000000000000 0000000000000040
0x000000ad64bff898:   0000020bcbaa2da0 000000ad64bffb50
0x000000ad64bff8a8:   0000020bea99d4f0 0000000083f1e794
0x000000ad64bff8b8:   00000000000009e5 0000000083f1e795
0x000000ad64bff8c8:   00007ffb6db53840 0000000086550000
0x000000ad64bff8d8:   0000000000000001 0000000000000008
0x000000ad64bff8e8:   000000020014d0b8 0000020be26f0200
0x000000ad64bff8f8:   0000000000000001 0000000000000040
0x000000ad64bff908:   000000ad64bffb50 0000000081053400
0x000000ad64bff918:   00007ffb6db5056e 0000020be930b638 

Instructions: (pc=0x00007ffb6d9fccc1)
0x00007ffb6d9fcbc1:   74 32 0f 10 83 f0 02 00 00 48 8b 07 48 8d 54 24
0x00007ffb6d9fcbd1:   20 48 8b cf 0f 29 44 24 20 ff 50 40 33 c0 48 89
0x00007ffb6d9fcbe1:   44 24 20 48 89 44 24 28 0f 10 44 24 20 0f 11 83
0x00007ffb6d9fcbf1:   f0 02 00 00 48 8b 5c 24 40 48 83 c4 30 5f c3 48
0x00007ffb6d9fcc01:   8b 49 40 48 8b 01 48 ff 60 28 cc cc cc cc cc 80
0x00007ffb6d9fcc11:   3d 8c dd 93 00 00 48 8b c1 74 1b 8b 51 08 8b 0d
0x00007ffb6d9fcc21:   93 66 8d 00 48 d3 e2 48 8b c8 48 03 15 7e 66 8d
0x00007ffb6d9fcc31:   00 e9 19 00 00 00 48 8b 51 08 48 8b c8 e9 0d 00
0x00007ffb6d9fcc41:   00 00 cc cc cc cc cc cc cc cc cc cc cc cc cc 4c
0x00007ffb6d9fcc51:   8b ca 48 8b d1 45 8b 41 08 45 85 c0 7e 0e 41 f6
0x00007ffb6d9fcc61:   c0 01 75 56 41 c1 f8 03 41 8b c0 c3 79 4c 80 3d
0x00007ffb6d9fcc71:   2d dd 93 00 00 b8 0c 00 00 00 b9 10 00 00 00 0f
0x00007ffb6d9fcc81:   45 c8 8b 05 4b 75 8d 00 ff c8 4c 63 c8 48 63 14
0x00007ffb6d9fcc91:   11 41 8b c8 83 e1 3f 48 d3 e2 41 8b c8 48 c1 f9
0x00007ffb6d9fcca1:   10 0f b6 c1 49 8d 0c 11 49 f7 d1 48 03 c1 49 c1
0x00007ffb6d9fccb1:   e9 03 48 c1 e8 03 41 23 c1 c3 49 8b 01 49 8b c9
0x00007ffb6d9fccc1:   48 ff a0 00 01 00 00 cc cc cc cc cc cc cc cc 48
0x00007ffb6d9fccd1:   83 ec 38 0f 10 02 48 8b 49 40 48 8d 54 24 20 0f
0x00007ffb6d9fcce1:   29 44 24 20 e8 56 f2 ff ff 48 83 c4 38 c3 cc 48
0x00007ffb6d9fccf1:   83 ec 38 0f 10 02 48 8b 01 48 8d 54 24 20 0f 29
0x00007ffb6d9fcd01:   44 24 20 ff 50 38 48 83 c4 38 c3 cc cc cc cc 48
0x00007ffb6d9fcd11:   89 5c 24 08 55 56 57 41 54 41 55 41 56 41 57 48
0x00007ffb6d9fcd21:   8d 6c 24 e0 48 81 ec 20 01 00 00 48 8b 05 85 62
0x00007ffb6d9fcd31:   90 00 48 33 c4 48 89 45 10 48 8b 05 cf d4 92 00
0x00007ffb6d9fcd41:   45 33 ed 4c 8b b5 80 00 00 00 4c 8b fa 48 8b bd
0x00007ffb6d9fcd51:   88 00 00 00 4d 8b c6 49 8b d6 49 8b f1 48 8b 48
0x00007ffb6d9fcd61:   40 48 8b 59 40 49 8b cf c7 45 c0 ff ff ff ff 44
0x00007ffb6d9fcd71:   89 6d d4 4c 89 6d d8 44 88 6d e0 c7 45 e8 ff ff
0x00007ffb6d9fcd81:   ff ff 44 89 6d fc 4c 89 6d 00 44 88 6d 08 e8 7c
0x00007ffb6d9fcd91:   fb f3 ff 41 b1 01 4c 8d 45 e8 41 8d 55 04 49 8b
0x00007ffb6d9fcda1:   cf e8 f9 12 f2 ff 48 8b 05 1a 14 7a 00 4c 8d 25
0x00007ffb6d9fcdb1:   0b 02 69 00 48 89 44 24 30 4c 8d 44 24 70 0f b6 


Stack slot to memory mapping:
stack at sp + 0 slots: 0x00007ffb6db5272c jvm.dll
stack at sp + 1 slots: 0x0 is NULL
stack at sp + 2 slots: 0x00000000865b2d48 is an oop: java.util.LinkedHashMap 
{0x00000000865b2d48} - klass: 'java/util/LinkedHashMap'
 - ---- fields (total size 7 words):
 - transient 'keySet' 'Ljava/util/Set;' @12  NULL (0)
 - transient 'values' 'Ljava/util/Collection;' @16  NULL (0)
 - transient 'size' 'I' @20  1
 - transient 'modCount' 'I' @24  1
 - 'threshold' 'I' @28  1
 - final 'loadFactor' 'F' @32  0.750000 (3f400000)
 - transient 'table' '[Ljava/util/HashMap$Node;' @36  
[error occurred during error reporting (inspecting top of stack), id 0xc0000005, EXCEPTION_ACCESS_VIOLATION (0xc0000005) at pc=0x00007ffb6dead349]


---------------  P R O C E S S  ---------------

Threads class SMR info:
_java_thread_list=0x0000020bea664de0, length=13, elements={
0x0000020bcba94510, 0x0000020be92dc390, 0x0000020be92dcf10, 0x0000020be92f0f80,
0x0000020be92f2c50, 0x0000020be92f3510, 0x0000020be92f3dd0, 0x0000020be92f7f70,
0x0000020be9303d00, 0x0000020be930a150, 0x0000020be9dc95b0, 0x0000020be9dcf8e0,
0x0000020be93037f0
}

Java Threads: ( => current thread )
  0x0000020bcba94510 JavaThread "main" [_thread_blocked, id=4352, stack(0x000000ad63700000,0x000000ad63800000)]
  0x0000020be92dc390 JavaThread "Reference Handler" daemon [_thread_blocked, id=7620, stack(0x000000ad63e00000,0x000000ad63f00000)]
  0x0000020be92dcf10 JavaThread "Finalizer" daemon [_thread_blocked, id=11680, stack(0x000000ad63f00000,0x000000ad64000000)]
  0x0000020be92f0f80 JavaThread "Signal Dispatcher" daemon [_thread_blocked, id=11396, stack(0x000000ad64000000,0x000000ad64100000)]
  0x0000020be92f2c50 JavaThread "Attach Listener" daemon [_thread_blocked, id=5192, stack(0x000000ad64100000,0x000000ad64200000)]
  0x0000020be92f3510 JavaThread "Service Thread" daemon [_thread_blocked, id=2016, stack(0x000000ad64200000,0x000000ad64300000)]
  0x0000020be92f3dd0 JavaThread "Monitor Deflation Thread" daemon [_thread_blocked, id=11048, stack(0x000000ad64300000,0x000000ad64400000)]
  0x0000020be92f7f70 JavaThread "C2 CompilerThread0" daemon [_thread_blocked, id=10088, stack(0x000000ad64400000,0x000000ad64500000)]
  0x0000020be9303d00 JavaThread "C1 CompilerThread0" daemon [_thread_blocked, id=8260, stack(0x000000ad64500000,0x000000ad64600000)]
  0x0000020be930a150 JavaThread "Sweeper thread" daemon [_thread_blocked, id=10428, stack(0x000000ad64600000,0x000000ad64700000)]
  0x0000020be9dc95b0 JavaThread "Notification Thread" daemon [_thread_blocked, id=12816, stack(0x000000ad64700000,0x000000ad64800000)]
  0x0000020be9dcf8e0 JavaThread "Common-Cleaner" daemon [_thread_blocked, id=5576, stack(0x000000ad64900000,0x000000ad64a00000)]
  0x0000020be93037f0 JavaThread "C2 CompilerThread1" daemon [_thread_blocked, id=10540, stack(0x000000ad64d00000,0x000000ad64e00000)]

Other Threads:
  0x0000020be92d8990 VMThread "VM Thread" [stack: 0x000000ad63d00000,0x000000ad63e00000] [id=12244]
  0x0000020bcbaf0630 WatcherThread [stack: 0x000000ad64800000,0x000000ad64900000] [id=12884]
  0x0000020bcbad1af0 GCTaskThread "GC Thread#0" [stack: 0x000000ad63800000,0x000000ad63900000] [id=4680]
  0x0000020bea5de490 GCTaskThread "GC Thread#1" [stack: 0x000000ad64a00000,0x000000ad64b00000] [id=4988]
=>0x0000020bea5f8020 GCTaskThread "GC Thread#2" [stack: 0x000000ad64b00000,0x000000ad64c00000] [id=11936]
  0x0000020bea778940 GCTaskThread "GC Thread#3" [stack: 0x000000ad64c00000,0x000000ad64d00000] [id=10668]
  0x0000020bcbae2640 ConcurrentGCThread "G1 Main Marker" [stack: 0x000000ad63900000,0x000000ad63a00000] [id=1484]
  0x0000020bcbae4610 ConcurrentGCThread "G1 Conc#0" [stack: 0x000000ad63a00000,0x000000ad63b00000] [id=1764]
  0x0000020bcbb5fda0 ConcurrentGCThread "G1 Refine#0" [stack: 0x000000ad63b00000,0x000000ad63c00000] [id=11604]
  0x0000020bcbb605d0 ConcurrentGCThread "G1 Service" [stack: 0x000000ad63c00000,0x000000ad63d00000] [id=8208]

Threads with active compile tasks:
C2 CompilerThread0     1697 2731       4       org.codehaus.plexus.util.xml.Xpp3Dom::<init> (125 bytes)
C1 CompilerThread0     1697 2879       3       org.netbeans.modules.maven.event.NbEventSpy::onEvent (1102 bytes)
C2 CompilerThread1     1697 2820       4       java.util.regex.Pattern$CharPropertyGreedy::match (160 bytes)

VM state: at safepoint (normal execution)

VM Mutex/Monitor currently owned by a thread:  ([mutex/lock_event])
[0x0000020bcba90340] Threads_lock - owner thread: 0x0000020be92d8990
[0x0000020bcba8fb60] Heap_lock - owner thread: 0x0000020bcba94510

Heap address: 0x0000000081000000, size: 2032 MB, Compressed Oops mode: 32-bit

CDS archive(s) mapped at: [0x0000000800000000-0x0000000800bc0000-0x0000000800bc0000), size 12320768, SharedBaseAddress: 0x0000000800000000, ArchiveRelocationMode: 0.
Compressed class space mapped at: 0x0000000800c00000-0x0000000840c00000, reserved size: 1073741824
Narrow klass base: 0x0000000800000000, Narrow klass shift: 0, Narrow klass range: 0x100000000

GC Precious Log:
 CPUs: 4 total, 4 available
 Memory: 8124M
 Large Page Support: Disabled
 NUMA Support: Disabled
 Compressed Oops: Enabled (32-bit)
 Heap Region Size: 1M
 Heap Min Capacity: 8M
 Heap Initial Capacity: 128M
 Heap Max Capacity: 2032M
 Pre-touch: Disabled
 Parallel Workers: 4
 Concurrent Workers: 1
 Concurrent Refinement Workers: 4
 Periodic GC: Disabled

Heap:
 garbage-first heap   total 131072K, used 80919K [0x0000000081000000, 0x0000000100000000)
  region size 1024K, 83 young (84992K), 8 survivors (8192K)
 Metaspace       used 12979K, committed 13184K, reserved 1064960K
  class space    used 1498K, committed 1600K, reserved 1048576K

Heap Regions: E=young(eden), S=young(survivor), O=old, HS=humongous(starts), HC=humongous(continues), CS=collection set, F=free, OA=open archive, CA=closed archive, TAMS=top-at-mark-start (previous, next)
|   0|0x0000000081000000, 0x0000000081100000, 0x0000000081100000|100%| O|  |TAMS 0x0000000081000000, 0x0000000081000000| Untracked 
|   1|0x0000000081100000, 0x0000000081200000, 0x0000000081200000|100%| O|  |TAMS 0x0000000081100000, 0x0000000081100000| Untracked 
|   2|0x0000000081200000, 0x0000000081300000, 0x0000000081300000|100%| O|  |TAMS 0x0000000081200000, 0x0000000081200000| Untracked 
|   3|0x0000000081300000, 0x0000000081355600, 0x0000000081400000| 33%| O|  |TAMS 0x0000000081300000, 0x0000000081300000| Untracked 
|   4|0x0000000081400000, 0x0000000081400000, 0x0000000081500000|  0%| F|  |TAMS 0x0000000081400000, 0x0000000081400000| Untracked 
|   5|0x0000000081500000, 0x0000000081500000, 0x0000000081600000|  0%| F|  |TAMS 0x0000000081500000, 0x0000000081500000| Untracked 
|   6|0x0000000081600000, 0x0000000081600000, 0x0000000081700000|  0%| F|  |TAMS 0x0000000081600000, 0x0000000081600000| Untracked 
|   7|0x0000000081700000, 0x0000000081700000, 0x0000000081800000|  0%| F|  |TAMS 0x0000000081700000, 0x0000000081700000| Untracked 
|   8|0x0000000081800000, 0x0000000081800000, 0x0000000081900000|  0%| F|  |TAMS 0x0000000081800000, 0x0000000081800000| Untracked 
|   9|0x0000000081900000, 0x0000000081900000, 0x0000000081a00000|  0%| F|  |TAMS 0x0000000081900000, 0x0000000081900000| Untracked 
|  10|0x0000000081a00000, 0x0000000081a00000, 0x0000000081b00000|  0%| F|  |TAMS 0x0000000081a00000, 0x0000000081a00000| Untracked 
|  11|0x0000000081b00000, 0x0000000081b00000, 0x0000000081c00000|  0%| F|  |TAMS 0x0000000081b00000, 0x0000000081b00000| Untracked 
|  12|0x0000000081c00000, 0x0000000081c00000, 0x0000000081d00000|  0%| F|  |TAMS 0x0000000081c00000, 0x0000000081c00000| Untracked 
|  13|0x0000000081d00000, 0x0000000081d00000, 0x0000000081e00000|  0%| F|  |TAMS 0x0000000081d00000, 0x0000000081d00000| Untracked 
|  14|0x0000000081e00000, 0x0000000081e00000, 0x0000000081f00000|  0%| F|  |TAMS 0x0000000081e00000, 0x0000000081e00000| Untracked 
|  15|0x0000000081f00000, 0x0000000081f00000, 0x0000000082000000|  0%| F|  |TAMS 0x0000000081f00000, 0x0000000081f00000| Untracked 
|  16|0x0000000082000000, 0x0000000082000000, 0x0000000082100000|  0%| F|  |TAMS 0x0000000082000000, 0x0000000082000000| Untracked 
|  17|0x0000000082100000, 0x0000000082100000, 0x0000000082200000|  0%| F|  |TAMS 0x0000000082100000, 0x0000000082100000| Untracked 
|  18|0x0000000082200000, 0x0000000082200000, 0x0000000082300000|  0%| F|  |TAMS 0x0000000082200000, 0x0000000082200000| Untracked 
|  19|0x0000000082300000, 0x0000000082300000, 0x0000000082400000|  0%| F|  |TAMS 0x0000000082300000, 0x0000000082300000| Untracked 
|  20|0x0000000082400000, 0x0000000082400000, 0x0000000082500000|  0%| F|  |TAMS 0x0000000082400000, 0x0000000082400000| Untracked 
|  21|0x0000000082500000, 0x0000000082500000, 0x0000000082600000|  0%| F|  |TAMS 0x0000000082500000, 0x0000000082500000| Untracked 
|  22|0x0000000082600000, 0x0000000082600000, 0x0000000082700000|  0%| F|  |TAMS 0x0000000082600000, 0x0000000082600000| Untracked 
|  23|0x0000000082700000, 0x0000000082700000, 0x0000000082800000|  0%| F|  |TAMS 0x0000000082700000, 0x0000000082700000| Untracked 
|  24|0x0000000082800000, 0x0000000082800000, 0x0000000082900000|  0%| F|  |TAMS 0x0000000082800000, 0x0000000082800000| Untracked 
|  25|0x0000000082900000, 0x0000000082900000, 0x0000000082a00000|  0%| F|  |TAMS 0x0000000082900000, 0x0000000082900000| Untracked 
|  26|0x0000000082a00000, 0x0000000082a00000, 0x0000000082b00000|  0%| F|  |TAMS 0x0000000082a00000, 0x0000000082a00000| Untracked 
|  27|0x0000000082b00000, 0x0000000082b00000, 0x0000000082c00000|  0%| F|  |TAMS 0x0000000082b00000, 0x0000000082b00000| Untracked 
|  28|0x0000000082c00000, 0x0000000082c00000, 0x0000000082d00000|  0%| F|  |TAMS 0x0000000082c00000, 0x0000000082c00000| Untracked 
|  29|0x0000000082d00000, 0x0000000082d00000, 0x0000000082e00000|  0%| F|  |TAMS 0x0000000082d00000, 0x0000000082d00000| Untracked 
|  30|0x0000000082e00000, 0x0000000082e00000, 0x0000000082f00000|  0%| F|  |TAMS 0x0000000082e00000, 0x0000000082e00000| Untracked 
|  31|0x0000000082f00000, 0x0000000082f00000, 0x0000000083000000|  0%| F|  |TAMS 0x0000000082f00000, 0x0000000082f00000| Untracked 
|  32|0x0000000083000000, 0x0000000083000000, 0x0000000083100000|  0%| F|  |TAMS 0x0000000083000000, 0x0000000083000000| Untracked 
|  33|0x0000000083100000, 0x0000000083100000, 0x0000000083200000|  0%| F|  |TAMS 0x0000000083100000, 0x0000000083100000| Untracked 
|  34|0x0000000083200000, 0x0000000083200000, 0x0000000083300000|  0%| F|  |TAMS 0x0000000083200000, 0x0000000083200000| Untracked 
|  35|0x0000000083300000, 0x0000000083300000, 0x0000000083400000|  0%| F|  |TAMS 0x0000000083300000, 0x0000000083300000| Untracked 
|  36|0x0000000083400000, 0x0000000083400000, 0x0000000083500000|  0%| F|  |TAMS 0x0000000083400000, 0x0000000083400000| Untracked 
|  37|0x0000000083500000, 0x0000000083500000, 0x0000000083600000|  0%| F|  |TAMS 0x0000000083500000, 0x0000000083500000| Untracked 
|  38|0x0000000083600000, 0x0000000083600000, 0x0000000083700000|  0%| F|  |TAMS 0x0000000083600000, 0x0000000083600000| Untracked 
|  39|0x0000000083700000, 0x0000000083700000, 0x0000000083800000|  0%| F|  |TAMS 0x0000000083700000, 0x0000000083700000| Untracked 
|  40|0x0000000083800000, 0x0000000083800000, 0x0000000083900000|  0%| F|  |TAMS 0x0000000083800000, 0x0000000083800000| Untracked 
|  41|0x0000000083900000, 0x0000000083900000, 0x0000000083a00000|  0%| F|  |TAMS 0x0000000083900000, 0x0000000083900000| Untracked 
|  42|0x0000000083a00000, 0x0000000083a00000, 0x0000000083b00000|  0%| F|  |TAMS 0x0000000083a00000, 0x0000000083a00000| Untracked 
|  43|0x0000000083b00000, 0x0000000083b00000, 0x0000000083c00000|  0%| F|  |TAMS 0x0000000083b00000, 0x0000000083b00000| Untracked 
|  44|0x0000000083c00000, 0x0000000083c24d98, 0x0000000083d00000| 14%| S|  |TAMS 0x0000000083c00000, 0x0000000083c00000| Complete 
|  45|0x0000000083d00000, 0x0000000083e00000, 0x0000000083e00000|100%| S|  |TAMS 0x0000000083d00000, 0x0000000083d00000| Complete 
|  46|0x0000000083e00000, 0x0000000083f00000, 0x0000000083f00000|100%| S|  |TAMS 0x0000000083e00000, 0x0000000083e00000| Complete 
|  47|0x0000000083f00000, 0x0000000084000000, 0x0000000084000000|100%| S|  |TAMS 0x0000000083f00000, 0x0000000083f00000| Complete 
|  48|0x0000000084000000, 0x0000000084100000, 0x0000000084100000|100%| S|  |TAMS 0x0000000084000000, 0x0000000084000000| Complete 
|  49|0x0000000084100000, 0x0000000084200000, 0x0000000084200000|100%| S|  |TAMS 0x0000000084100000, 0x0000000084100000| Complete 
|  50|0x0000000084200000, 0x0000000084300000, 0x0000000084300000|100%| S|  |TAMS 0x0000000084200000, 0x0000000084200000| Complete 
|  51|0x0000000084300000, 0x0000000084400000, 0x0000000084400000|100%| S|  |TAMS 0x0000000084300000, 0x0000000084300000| Complete 
|  52|0x0000000084400000, 0x0000000084500000, 0x0000000084500000|100%| E|CS|TAMS 0x0000000084400000, 0x0000000084400000| Complete 
|  53|0x0000000084500000, 0x0000000084600000, 0x0000000084600000|100%| E|CS|TAMS 0x0000000084500000, 0x0000000084500000| Complete 
|  54|0x0000000084600000, 0x0000000084700000, 0x0000000084700000|100%| E|CS|TAMS 0x0000000084600000, 0x0000000084600000| Complete 
|  55|0x0000000084700000, 0x0000000084800000, 0x0000000084800000|100%| E|CS|TAMS 0x0000000084700000, 0x0000000084700000| Complete 
|  56|0x0000000084800000, 0x0000000084900000, 0x0000000084900000|100%| E|CS|TAMS 0x0000000084800000, 0x0000000084800000| Complete 
|  57|0x0000000084900000, 0x0000000084a00000, 0x0000000084a00000|100%| E|CS|TAMS 0x0000000084900000, 0x0000000084900000| Complete 
|  58|0x0000000084a00000, 0x0000000084b00000, 0x0000000084b00000|100%| E|CS|TAMS 0x0000000084a00000, 0x0000000084a00000| Complete 
|  59|0x0000000084b00000, 0x0000000084c00000, 0x0000000084c00000|100%| E|CS|TAMS 0x0000000084b00000, 0x0000000084b00000| Complete 
|  60|0x0000000084c00000, 0x0000000084d00000, 0x0000000084d00000|100%| E|CS|TAMS 0x0000000084c00000, 0x0000000084c00000| Complete 
|  61|0x0000000084d00000, 0x0000000084e00000, 0x0000000084e00000|100%| E|CS|TAMS 0x0000000084d00000, 0x0000000084d00000| Complete 
|  62|0x0000000084e00000, 0x0000000084f00000, 0x0000000084f00000|100%| E|CS|TAMS 0x0000000084e00000, 0x0000000084e00000| Complete 
|  63|0x0000000084f00000, 0x0000000085000000, 0x0000000085000000|100%| E|CS|TAMS 0x0000000084f00000, 0x0000000084f00000| Complete 
|  64|0x0000000085000000, 0x0000000085100000, 0x0000000085100000|100%| E|CS|TAMS 0x0000000085000000, 0x0000000085000000| Complete 
|  65|0x0000000085100000, 0x0000000085200000, 0x0000000085200000|100%| E|CS|TAMS 0x0000000085100000, 0x0000000085100000| Complete 
|  66|0x0000000085200000, 0x0000000085300000, 0x0000000085300000|100%| E|CS|TAMS 0x0000000085200000, 0x0000000085200000| Complete 
|  67|0x0000000085300000, 0x0000000085400000, 0x0000000085400000|100%| E|CS|TAMS 0x0000000085300000, 0x0000000085300000| Complete 
|  68|0x0000000085400000, 0x0000000085500000, 0x0000000085500000|100%| E|CS|TAMS 0x0000000085400000, 0x0000000085400000| Complete 
|  69|0x0000000085500000, 0x0000000085600000, 0x0000000085600000|100%| E|CS|TAMS 0x0000000085500000, 0x0000000085500000| Complete 
|  70|0x0000000085600000, 0x0000000085700000, 0x0000000085700000|100%| E|CS|TAMS 0x0000000085600000, 0x0000000085600000| Complete 
|  71|0x0000000085700000, 0x0000000085800000, 0x0000000085800000|100%| E|CS|TAMS 0x0000000085700000, 0x0000000085700000| Complete 
|  72|0x0000000085800000, 0x0000000085900000, 0x0000000085900000|100%| E|CS|TAMS 0x0000000085800000, 0x0000000085800000| Complete 
|  73|0x0000000085900000, 0x0000000085a00000, 0x0000000085a00000|100%| E|CS|TAMS 0x0000000085900000, 0x0000000085900000| Complete 
|  74|0x0000000085a00000, 0x0000000085b00000, 0x0000000085b00000|100%| E|CS|TAMS 0x0000000085a00000, 0x0000000085a00000| Complete 
|  75|0x0000000085b00000, 0x0000000085c00000, 0x0000000085c00000|100%| E|CS|TAMS 0x0000000085b00000, 0x0000000085b00000| Complete 
|  76|0x0000000085c00000, 0x0000000085d00000, 0x0000000085d00000|100%| E|CS|TAMS 0x0000000085c00000, 0x0000000085c00000| Complete 
|  77|0x0000000085d00000, 0x0000000085e00000, 0x0000000085e00000|100%| E|CS|TAMS 0x0000000085d00000, 0x0000000085d00000| Complete 
|  78|0x0000000085e00000, 0x0000000085f00000, 0x0000000085f00000|100%| E|CS|TAMS 0x0000000085e00000, 0x0000000085e00000| Complete 
|  79|0x0000000085f00000, 0x0000000086000000, 0x0000000086000000|100%| E|CS|TAMS 0x0000000085f00000, 0x0000000085f00000| Complete 
|  80|0x0000000086000000, 0x0000000086100000, 0x0000000086100000|100%| E|CS|TAMS 0x0000000086000000, 0x0000000086000000| Complete 
|  81|0x0000000086100000, 0x0000000086200000, 0x0000000086200000|100%| E|CS|TAMS 0x0000000086100000, 0x0000000086100000| Complete 
|  82|0x0000000086200000, 0x0000000086300000, 0x0000000086300000|100%| E|CS|TAMS 0x0000000086200000, 0x0000000086200000| Complete 
|  83|0x0000000086300000, 0x0000000086400000, 0x0000000086400000|100%| E|CS|TAMS 0x0000000086300000, 0x0000000086300000| Complete 
|  84|0x0000000086400000, 0x0000000086500000, 0x0000000086500000|100%| E|CS|TAMS 0x0000000086400000, 0x0000000086400000| Complete 
|  85|0x0000000086500000, 0x0000000086600000, 0x0000000086600000|100%| E|CS|TAMS 0x0000000086500000, 0x0000000086500000| Complete 
|  86|0x0000000086600000, 0x0000000086700000, 0x0000000086700000|100%| E|CS|TAMS 0x0000000086600000, 0x0000000086600000| Complete 
|  87|0x0000000086700000, 0x0000000086800000, 0x0000000086800000|100%| E|CS|TAMS 0x0000000086700000, 0x0000000086700000| Complete 
|  88|0x0000000086800000, 0x0000000086900000, 0x0000000086900000|100%| E|CS|TAMS 0x0000000086800000, 0x0000000086800000| Complete 
|  89|0x0000000086900000, 0x0000000086a00000, 0x0000000086a00000|100%| E|CS|TAMS 0x0000000086900000, 0x0000000086900000| Complete 
|  90|0x0000000086a00000, 0x0000000086b00000, 0x0000000086b00000|100%| E|CS|TAMS 0x0000000086a00000, 0x0000000086a00000| Complete 
|  91|0x0000000086b00000, 0x0000000086c00000, 0x0000000086c00000|100%| E|CS|TAMS 0x0000000086b00000, 0x0000000086b00000| Complete 
|  92|0x0000000086c00000, 0x0000000086d00000, 0x0000000086d00000|100%| E|CS|TAMS 0x0000000086c00000, 0x0000000086c00000| Complete 
|  93|0x0000000086d00000, 0x0000000086e00000, 0x0000000086e00000|100%| E|CS|TAMS 0x0000000086d00000, 0x0000000086d00000| Complete 
|  94|0x0000000086e00000, 0x0000000086f00000, 0x0000000086f00000|100%| E|CS|TAMS 0x0000000086e00000, 0x0000000086e00000| Complete 
|  95|0x0000000086f00000, 0x0000000087000000, 0x0000000087000000|100%| E|CS|TAMS 0x0000000086f00000, 0x0000000086f00000| Complete 
|  96|0x0000000087000000, 0x0000000087100000, 0x0000000087100000|100%| E|CS|TAMS 0x0000000087000000, 0x0000000087000000| Complete 
|  97|0x0000000087100000, 0x0000000087200000, 0x0000000087200000|100%| E|CS|TAMS 0x0000000087100000, 0x0000000087100000| Complete 
|  98|0x0000000087200000, 0x0000000087300000, 0x0000000087300000|100%| E|CS|TAMS 0x0000000087200000, 0x0000000087200000| Complete 
|  99|0x0000000087300000, 0x0000000087400000, 0x0000000087400000|100%| E|CS|TAMS 0x0000000087300000, 0x0000000087300000| Complete 
| 100|0x0000000087400000, 0x0000000087500000, 0x0000000087500000|100%| E|CS|TAMS 0x0000000087400000, 0x0000000087400000| Complete 
| 101|0x0000000087500000, 0x0000000087600000, 0x0000000087600000|100%| E|CS|TAMS 0x0000000087500000, 0x0000000087500000| Complete 
| 102|0x0000000087600000, 0x0000000087700000, 0x0000000087700000|100%| E|CS|TAMS 0x0000000087600000, 0x0000000087600000| Complete 
| 103|0x0000000087700000, 0x0000000087800000, 0x0000000087800000|100%| E|CS|TAMS 0x0000000087700000, 0x0000000087700000| Complete 
| 104|0x0000000087800000, 0x0000000087900000, 0x0000000087900000|100%| E|CS|TAMS 0x0000000087800000, 0x0000000087800000| Complete 
| 105|0x0000000087900000, 0x0000000087a00000, 0x0000000087a00000|100%| E|CS|TAMS 0x0000000087900000, 0x0000000087900000| Complete 
| 106|0x0000000087a00000, 0x0000000087b00000, 0x0000000087b00000|100%| E|CS|TAMS 0x0000000087a00000, 0x0000000087a00000| Complete 
| 107|0x0000000087b00000, 0x0000000087c00000, 0x0000000087c00000|100%| E|CS|TAMS 0x0000000087b00000, 0x0000000087b00000| Complete 
| 108|0x0000000087c00000, 0x0000000087d00000, 0x0000000087d00000|100%| E|CS|TAMS 0x0000000087c00000, 0x0000000087c00000| Complete 
| 109|0x0000000087d00000, 0x0000000087e00000, 0x0000000087e00000|100%| E|CS|TAMS 0x0000000087d00000, 0x0000000087d00000| Complete 
| 110|0x0000000087e00000, 0x0000000087f00000, 0x0000000087f00000|100%| E|CS|TAMS 0x0000000087e00000, 0x0000000087e00000| Complete 
| 111|0x0000000087f00000, 0x0000000087fb06c0, 0x0000000088000000| 68%| E|CS|TAMS 0x0000000087f00000, 0x0000000087f00000| Complete 
| 112|0x0000000088000000, 0x0000000088100000, 0x0000000088100000|100%| E|CS|TAMS 0x0000000088000000, 0x0000000088000000| Complete 
| 113|0x0000000088100000, 0x0000000088200000, 0x0000000088200000|100%| E|CS|TAMS 0x0000000088100000, 0x0000000088100000| Complete 
| 114|0x0000000088200000, 0x0000000088300000, 0x0000000088300000|100%| E|CS|TAMS 0x0000000088200000, 0x0000000088200000| Complete 
| 115|0x0000000088300000, 0x0000000088400000, 0x0000000088400000|100%| E|CS|TAMS 0x0000000088300000, 0x0000000088300000| Complete 
| 116|0x0000000088400000, 0x0000000088500000, 0x0000000088500000|100%| E|CS|TAMS 0x0000000088400000, 0x0000000088400000| Complete 
| 117|0x0000000088500000, 0x0000000088600000, 0x0000000088600000|100%| E|CS|TAMS 0x0000000088500000, 0x0000000088500000| Complete 
| 118|0x0000000088600000, 0x0000000088700000, 0x0000000088700000|100%| E|CS|TAMS 0x0000000088600000, 0x0000000088600000| Complete 
| 119|0x0000000088700000, 0x0000000088800000, 0x0000000088800000|100%| E|CS|TAMS 0x0000000088700000, 0x0000000088700000| Complete 
| 120|0x0000000088800000, 0x0000000088900000, 0x0000000088900000|100%| E|CS|TAMS 0x0000000088800000, 0x0000000088800000| Complete 
| 121|0x0000000088900000, 0x0000000088a00000, 0x0000000088a00000|100%| E|CS|TAMS 0x0000000088900000, 0x0000000088900000| Complete 
| 122|0x0000000088a00000, 0x0000000088b00000, 0x0000000088b00000|100%| E|CS|TAMS 0x0000000088a00000, 0x0000000088a00000| Complete 
| 123|0x0000000088b00000, 0x0000000088c00000, 0x0000000088c00000|100%| E|CS|TAMS 0x0000000088b00000, 0x0000000088b00000| Complete 
| 124|0x0000000088c00000, 0x0000000088d00000, 0x0000000088d00000|100%| E|CS|TAMS 0x0000000088c00000, 0x0000000088c00000| Complete 
| 125|0x0000000088d00000, 0x0000000088e00000, 0x0000000088e00000|100%| E|CS|TAMS 0x0000000088d00000, 0x0000000088d00000| Complete 
| 126|0x0000000088e00000, 0x0000000088f00000, 0x0000000088f00000|100%| E|CS|TAMS 0x0000000088e00000, 0x0000000088e00000| Complete 
| 127|0x0000000088f00000, 0x0000000089000000, 0x0000000089000000|100%| E|CS|TAMS 0x0000000088f00000, 0x0000000088f00000| Complete 

Card table byte_map: [0x0000020be26f0000,0x0000020be2af0000] _byte_map_base: 0x0000020be22e8000

Marking Bits (Prev, Next): (CMBitMap*) 0x0000020bcbad1f10, (CMBitMap*) 0x0000020bcbad1f50
 Prev Bits: [0x0000020be2ef0000, 0x0000020be4eb0000)
 Next Bits: [0x0000020be4eb0000, 0x0000020be6e70000)

Polling page: 0x0000020bcb270000

Metaspace:

Usage:
  Non-class:     11.21 MB used.
      Class:      1.46 MB used.
       Both:     12.68 MB used.

Virtual space:
  Non-class space:       16.00 MB reserved,      11.31 MB ( 71%) committed,  2 nodes.
      Class space:        1.00 GB reserved,       1.56 MB ( <1%) committed,  1 nodes.
             Both:        1.02 GB reserved,      12.88 MB (  1%) committed. 

Chunk freelists:
   Non-Class:  3.54 MB
       Class:  2.50 MB
        Both:  6.03 MB

MaxMetaspaceSize: unlimited
CompressedClassSpaceSize: 1.00 GB
Initial GC threshold: 21.00 MB
Current GC threshold: 21.00 MB
CDS: on
MetaspaceReclaimPolicy: balanced
 - commit_granule_bytes: 65536.
 - commit_granule_words: 8192.
 - virtual_space_node_default_size: 1048576.
 - enlarge_chunks_in_place: 1.
 - new_chunks_are_fully_committed: 0.
 - uncommit_free_chunks: 1.
 - use_allocation_guard: 0.
 - handle_deallocations: 1.


Internal statistics:

num_allocs_failed_limit: 0.
num_arena_births: 72.
num_arena_deaths: 0.
num_vsnodes_births: 3.
num_vsnodes_deaths: 0.
num_space_committed: 206.
num_space_uncommitted: 0.
num_chunks_returned_to_freelist: 0.
num_chunks_taken_from_freelist: 523.
num_chunk_merges: 0.
num_chunk_splits: 368.
num_chunks_enlarged: 289.
num_purges: 0.
num_inconsistent_stats: 0.

CodeHeap 'non-profiled nmethods': size=120000Kb used=1165Kb max_used=1165Kb free=118834Kb
 bounds [0x0000020bdadc0000, 0x0000020bdb030000, 0x0000020be22f0000]
CodeHeap 'profiled nmethods': size=120000Kb used=5565Kb max_used=5565Kb free=114434Kb
 bounds [0x0000020bd3890000, 0x0000020bd3e00000, 0x0000020bdadc0000]
CodeHeap 'non-nmethods': size=5760Kb used=1169Kb max_used=1218Kb free=4591Kb
 bounds [0x0000020bd32f0000, 0x0000020bd3560000, 0x0000020bd3890000]
 total_blobs=3328 nmethods=2870 adapters=370
 compilation: enabled
              stopped_count=0, restarted_count=0
 full_count=0

Compilation events (20 events):
Event: 1.600 Thread 0x0000020be9303d00 nmethod 2868 0x0000020bdaee1f10 code [0x0000020bdaee20a0, 0x0000020bdaee2178]
Event: 1.600 Thread 0x0000020be9303d00 2869       1       org.eclipse.aether.resolution.ArtifactDescriptorResult::getAliases (5 bytes)
Event: 1.600 Thread 0x0000020be9303d00 nmethod 2869 0x0000020bdaee2210 code [0x0000020bdaee23a0, 0x0000020bdaee2478]
Event: 1.600 Thread 0x0000020be9303d00 2871       1       org.eclipse.aether.util.version.GenericVersion::toString (5 bytes)
Event: 1.600 Thread 0x0000020be9303d00 nmethod 2871 0x0000020bdaee2510 code [0x0000020bdaee26a0, 0x0000020bdaee2778]
Event: 1.600 Thread 0x0000020be9303d00 2872       1       org.eclipse.aether.internal.impl.collect.DataPool$GraphKey::hashCode (5 bytes)
Event: 1.600 Thread 0x0000020be9303d00 nmethod 2872 0x0000020bdaee2810 code [0x0000020bdaee29a0, 0x0000020bdaee2a78]
Event: 1.600 Thread 0x0000020be9303d00 2873       1       org.eclipse.aether.resolution.ArtifactDescriptorResult::getManagedDependencies (5 bytes)
Event: 1.600 Thread 0x0000020be9303d00 nmethod 2873 0x0000020bdaee2b10 code [0x0000020bdaee2ca0, 0x0000020bdaee2d78]
Event: 1.600 Thread 0x0000020be9303d00 2874       1       org.eclipse.aether.resolution.ArtifactDescriptorResult::getRepositories (5 bytes)
Event: 1.600 Thread 0x0000020be9303d00 nmethod 2874 0x0000020bdaee2e10 code [0x0000020bdaee2fa0, 0x0000020bdaee3078]
Event: 1.600 Thread 0x0000020be9303d00 2875       1       org.apache.maven.model.Model::setVersion (6 bytes)
Event: 1.600 Thread 0x0000020be9303d00 nmethod 2875 0x0000020bdaee3110 code [0x0000020bdaee32a0, 0x0000020bdaee33b8]
Event: 1.600 Thread 0x0000020be9303d00 2876       1       org.codehaus.plexus.util.xml.pull.MXParser::getInputEncoding (5 bytes)
Event: 1.600 Thread 0x0000020be9303d00 nmethod 2876 0x0000020bdaee3410 code [0x0000020bdaee35a0, 0x0000020bdaee3678]
Event: 1.600 Thread 0x0000020be9303d00 2877       3       org.apache.maven.model.Reporting::getPlugins (23 bytes)
Event: 1.601 Thread 0x0000020be9303d00 nmethod 2877 0x0000020bd3dfe110 code [0x0000020bd3dfe2e0, 0x0000020bd3dfe6d8]
Event: 1.601 Thread 0x0000020be9303d00 2878   !   3       org.apache.maven.eventspy.internal.EventSpyDispatcher::onEvent (67 bytes)
Event: 1.601 Thread 0x0000020be9303d00 nmethod 2878 0x0000020bd3dfe810 code [0x0000020bd3dfea40, 0x0000020bd3dff1b8]
Event: 1.601 Thread 0x0000020be9303d00 2879       3       org.netbeans.modules.maven.event.NbEventSpy::onEvent (1102 bytes)

GC Heap History (5 events):
Event: 0.372 GC heap before
{Heap before GC invocations=0 (full 0):
 garbage-first heap   total 131072K, used 12288K [0x0000000081000000, 0x0000000100000000)
  region size 1024K, 13 young (13312K), 0 survivors (0K)
 Metaspace       used 3804K, committed 4032K, reserved 1056768K
  class space    used 394K, committed 512K, reserved 1048576K
}
Event: 0.377 GC heap after
{Heap after GC invocations=1 (full 0):
 garbage-first heap   total 131072K, used 3337K [0x0000000081000000, 0x0000000100000000)
  region size 1024K, 2 young (2048K), 2 survivors (2048K)
 Metaspace       used 3804K, committed 4032K, reserved 1056768K
  class space    used 394K, committed 512K, reserved 1048576K
}
Event: 0.595 GC heap before
{Heap before GC invocations=1 (full 0):
 garbage-first heap   total 131072K, used 17673K [0x0000000081000000, 0x0000000100000000)
  region size 1024K, 16 young (16384K), 2 survivors (2048K)
 Metaspace       used 5710K, committed 5888K, reserved 1056768K
  class space    used 664K, committed 768K, reserved 1048576K
}
Event: 0.598 GC heap after
{Heap after GC invocations=2 (full 0):
 garbage-first heap   total 131072K, used 4119K [0x0000000081000000, 0x0000000100000000)
  region size 1024K, 1 young (1024K), 1 survivors (1024K)
 Metaspace       used 5710K, committed 5888K, reserved 1056768K
  class space    used 664K, committed 768K, reserved 1048576K
}
Event: 1.608 GC heap before
{Heap before GC invocations=2 (full 0):
 garbage-first heap   total 131072K, used 80919K [0x0000000081000000, 0x0000000100000000)
  region size 1024K, 76 young (77824K), 1 survivors (1024K)
 Metaspace       used 12979K, committed 13184K, reserved 1064960K
  class space    used 1498K, committed 1600K, reserved 1048576K
}

Deoptimization events (20 events):
Event: 1.404 Thread 0x0000020bcba94510 DEOPT PACKING pc=0x0000020bdadfbf00 sp=0x000000ad637fd790
Event: 1.404 Thread 0x0000020bcba94510 DEOPT UNPACKING pc=0x0000020bd33423a3 sp=0x000000ad637fd680 mode 2
Event: 1.424 Thread 0x0000020bcba94510 Uncommon trap: trap_request=0xffffff45 fr.pc=0x0000020bdae439f8 relative=0x00000000000000d8
Event: 1.424 Thread 0x0000020bcba94510 Uncommon trap: reason=unstable_if action=reinterpret pc=0x0000020bdae439f8 method=java.util.HashMap.hash(Ljava/lang/Object;)I @ 1 c2
Event: 1.424 Thread 0x0000020bcba94510 DEOPT PACKING pc=0x0000020bdae439f8 sp=0x000000ad637fd710
Event: 1.424 Thread 0x0000020bcba94510 DEOPT UNPACKING pc=0x0000020bd33423a3 sp=0x000000ad637fd638 mode 2
Event: 1.424 Thread 0x0000020bcba94510 Uncommon trap: trap_request=0xffffff45 fr.pc=0x0000020bdae4c838 relative=0x0000000000000218
Event: 1.424 Thread 0x0000020bcba94510 Uncommon trap: reason=unstable_if action=reinterpret pc=0x0000020bdae4c838 method=java.util.HashMap.hash(Ljava/lang/Object;)I @ 1 c2
Event: 1.424 Thread 0x0000020bcba94510 DEOPT PACKING pc=0x0000020bdae4c838 sp=0x000000ad637fd760
Event: 1.424 Thread 0x0000020bcba94510 DEOPT UNPACKING pc=0x0000020bd33423a3 sp=0x000000ad637fd5f8 mode 2
Event: 1.424 Thread 0x0000020bcba94510 Uncommon trap: trap_request=0xffffff45 fr.pc=0x0000020bdae41918 relative=0x0000000000000098
Event: 1.424 Thread 0x0000020bcba94510 Uncommon trap: reason=unstable_if action=reinterpret pc=0x0000020bdae41918 method=java.util.HashMap.hash(Ljava/lang/Object;)I @ 1 c2
Event: 1.424 Thread 0x0000020bcba94510 DEOPT PACKING pc=0x0000020bdae41918 sp=0x000000ad637fd770
Event: 1.424 Thread 0x0000020bcba94510 DEOPT UNPACKING pc=0x0000020bd33423a3 sp=0x000000ad637fd708 mode 2
Event: 1.536 Thread 0x0000020bcba94510 DEOPT PACKING pc=0x0000020bd3caf776 sp=0x000000ad637fbf70
Event: 1.536 Thread 0x0000020bcba94510 DEOPT UNPACKING pc=0x0000020bd3342b43 sp=0x000000ad637fb470 mode 0
Event: 1.586 Thread 0x0000020bcba94510 Uncommon trap: trap_request=0xffffff45 fr.pc=0x0000020bdaed2144 relative=0x00000000000000a4
Event: 1.586 Thread 0x0000020bcba94510 Uncommon trap: reason=unstable_if action=reinterpret pc=0x0000020bdaed2144 method=org.apache.maven.model.io.xpp3.MavenXpp3Reader.nextTag(Lorg/codehaus/plexus/util/xml/pull/XmlPullParser;)I @ 9 c2
Event: 1.586 Thread 0x0000020bcba94510 DEOPT PACKING pc=0x0000020bdaed2144 sp=0x000000ad637fc1f0
Event: 1.586 Thread 0x0000020bcba94510 DEOPT UNPACKING pc=0x0000020bd33423a3 sp=0x000000ad637fc180 mode 2

Classes unloaded (0 events):
No events

Classes redefined (0 events):
No events

Internal exceptions (18 events):
Event: 0.161 Thread 0x0000020bcba94510 Exception <a 'java/lang/NullPointerException'{0x0000000088b69848}> (0x0000000088b69848) 
thrown [t:\workspace\open\src\hotspot\share\interpreter\linkResolver.cpp, line 1357]
Event: 0.178 Thread 0x0000020bcba94510 Exception <a 'java/lang/NullPointerException'{0x0000000088bafe48}> (0x0000000088bafe48) 
thrown [t:\workspace\open\src\hotspot\share\interpreter\linkResolver.cpp, line 1357]
Event: 0.178 Thread 0x0000020bcba94510 Exception <a 'java/lang/NullPointerException'{0x0000000088bb0120}> (0x0000000088bb0120) 
thrown [t:\workspace\open\src\hotspot\share\interpreter\linkResolver.cpp, line 1357]
Event: 0.178 Thread 0x0000020bcba94510 Exception <a 'java/lang/NullPointerException'{0x0000000088bb03f8}> (0x0000000088bb03f8) 
thrown [t:\workspace\open\src\hotspot\share\interpreter\linkResolver.cpp, line 1357]
Event: 0.178 Thread 0x0000020bcba94510 Exception <a 'java/lang/NullPointerException'{0x0000000088bb6ac0}> (0x0000000088bb6ac0) 
thrown [t:\workspace\open\src\hotspot\share\interpreter\linkResolver.cpp, line 1357]
Event: 0.180 Thread 0x0000020bcba94510 Exception <a 'java/lang/NullPointerException'{0x0000000088bcd220}> (0x0000000088bcd220) 
thrown [t:\workspace\open\src\hotspot\share\interpreter\linkResolver.cpp, line 1357]
Event: 0.180 Thread 0x0000020bcba94510 Exception <a 'java/lang/NullPointerException'{0x0000000088bcd4f8}> (0x0000000088bcd4f8) 
thrown [t:\workspace\open\src\hotspot\share\interpreter\linkResolver.cpp, line 1357]
Event: 0.180 Thread 0x0000020bcba94510 Exception <a 'java/lang/NullPointerException'{0x0000000088bcd7d0}> (0x0000000088bcd7d0) 
thrown [t:\workspace\open\src\hotspot\share\interpreter\linkResolver.cpp, line 1357]
Event: 0.180 Thread 0x0000020bcba94510 Exception <a 'java/lang/NullPointerException'{0x0000000088bcdaa8}> (0x0000000088bcdaa8) 
thrown [t:\workspace\open\src\hotspot\share\interpreter\linkResolver.cpp, line 1357]
Event: 0.447 Thread 0x0000020bcba94510 Exception <a 'java/lang/NoSuchMethodError'{0x0000000088c32d38}: 'java.lang.Object java.lang.invoke.DirectMethodHandle$Holder.newInvokeSpecial(java.lang.Object, java.lang.Object, java.lang.Object, java.lang.Object, java.lang.Object)'> (0x0000000088c32d38) 
thrown [t:\workspace\open\src\hotspot\share\interpreter\linkResolver.cpp, line 766]
Event: 0.479 Thread 0x0000020bcba94510 Exception <a 'java/lang/NoClassDefFoundError'{0x0000000088bc7c58}: javax/enterprise/inject/Typed> (0x0000000088bc7c58) 
thrown [t:\workspace\open\src\hotspot\share\classfile\systemDictionary.cpp, line 245]
Event: 1.046 Thread 0x0000020bcba94510 Exception <a 'java/lang/NoClassDefFoundError'{0x00000000872da278}: com/google/inject/servlet/ServletModuleTargetVisitor> (0x00000000872da278) 
thrown [t:\workspace\open\src\hotspot\share\classfile\systemDictionary.cpp, line 245]
Event: 1.092 Thread 0x0000020bcba94510 Exception <a 'java/lang/NoSuchMethodError'{0x00000000870ffb68}: 'java.lang.Object java.lang.invoke.DirectMethodHandle$Holder.invokeStaticInit(java.lang.Object, int, int, int, int)'> (0x00000000870ffb68) 
thrown [t:\workspace\open\src\hotspot\share\interpreter\linkResolver.cpp, line 766]
Event: 1.181 Thread 0x0000020bcba94510 Implicit null exception at 0x0000020bdade46f2 to 0x0000020bdade4cc0
Event: 1.181 Thread 0x0000020bcba94510 Implicit null exception at 0x0000020bdadf9372 to 0x0000020bdadf9950
Event: 1.424 Thread 0x0000020bcba94510 Implicit null exception at 0x0000020bdae43958 to 0x0000020bdae439ee
Event: 1.424 Thread 0x0000020bcba94510 Implicit null exception at 0x0000020bdae4c66a to 0x0000020bdae4c81c
Event: 1.424 Thread 0x0000020bcba94510 Implicit null exception at 0x0000020bdae4188f to 0x0000020bdae41909

VM Operations (20 events):
Event: 0.779 Executing VM operation: HandshakeAllThreads done
Event: 0.836 Executing VM operation: HandshakeAllThreads
Event: 0.836 Executing VM operation: HandshakeAllThreads done
Event: 0.962 Executing VM operation: HandshakeAllThreads
Event: 0.962 Executing VM operation: HandshakeAllThreads done
Event: 0.963 Executing VM operation: HandshakeAllThreads
Event: 0.963 Executing VM operation: HandshakeAllThreads done
Event: 1.010 Executing VM operation: ICBufferFull
Event: 1.010 Executing VM operation: ICBufferFull done
Event: 1.029 Executing VM operation: HandshakeAllThreads
Event: 1.029 Executing VM operation: HandshakeAllThreads done
Event: 1.105 Executing VM operation: HandshakeAllThreads
Event: 1.105 Executing VM operation: HandshakeAllThreads done
Event: 1.163 Executing VM operation: HandshakeAllThreads
Event: 1.163 Executing VM operation: HandshakeAllThreads done
Event: 1.246 Executing VM operation: ICBufferFull
Event: 1.246 Executing VM operation: ICBufferFull done
Event: 1.463 Executing VM operation: ICBufferFull
Event: 1.463 Executing VM operation: ICBufferFull done
Event: 1.608 Executing VM operation: G1CollectForAllocation

Events (20 events):
Event: 1.163 loading class sun/net/www/protocol/http/Handler done
Event: 1.163 loading class sun/net/www/protocol/https/Handler done
Event: 1.164 loading class java/util/regex/Pattern$Pos
Event: 1.164 loading class java/util/regex/Pattern$Pos done
Event: 1.221 loading class sun/util/resources/LocaleData$CommonResourceBundleProvider
Event: 1.221 loading class sun/util/resources/LocaleData$LocaleDataResourceBundleProvider
Event: 1.221 loading class java/util/spi/ResourceBundleProvider
Event: 1.221 loading class java/util/spi/ResourceBundleProvider done
Event: 1.222 loading class sun/util/resources/LocaleData$LocaleDataResourceBundleProvider done
Event: 1.222 loading class sun/util/resources/LocaleData$CommonResourceBundleProvider done
Event: 1.222 loading class sun/util/resources/Bundles$2
Event: 1.222 loading class sun/util/resources/Bundles$2 done
Event: 1.245 loading class java/lang/Short$ShortCache
Event: 1.245 loading class java/lang/Short$ShortCache done
Event: 1.245 loading class java/lang/Byte$ByteCache
Event: 1.245 loading class java/lang/Byte$ByteCache done
Event: 1.381 loading class java/util/LinkedList$ListItr
Event: 1.381 loading class java/util/LinkedList$ListItr done
Event: 1.569 loading class sun/nio/cs/ISO_8859_1$Decoder
Event: 1.569 loading class sun/nio/cs/ISO_8859_1$Decoder done


Dynamic libraries:
0x00007ff7b42c0000 - 0x00007ff7b42d0000 	C:\Program Files\Java\jdk-17.0.2\bin\java.exe
0x00007ffbc3420000 - 0x00007ffbc3629000 	C:\Windows\SYSTEM32\ntdll.dll
0x00007ffbc2c50000 - 0x00007ffbc2d0d000 	C:\Windows\System32\KERNEL32.DLL
0x00007ffbc0b70000 - 0x00007ffbc0ee9000 	C:\Windows\System32\KERNELBASE.dll
0x00007ffbc0900000 - 0x00007ffbc0a11000 	C:\Windows\System32\ucrtbase.dll
0x00007ffbbfbc0000 - 0x00007ffbbfbda000 	C:\Program Files\Java\jdk-17.0.2\bin\VCRUNTIME140.dll
0x00007ffba84d0000 - 0x00007ffba84e8000 	C:\Program Files\Java\jdk-17.0.2\bin\jli.dll
0x00007ffbc1880000 - 0x00007ffbc192e000 	C:\Windows\System32\ADVAPI32.dll
0x00007ffbc1590000 - 0x00007ffbc1633000 	C:\Windows\System32\msvcrt.dll
0x00007ffbc26f0000 - 0x00007ffbc278e000 	C:\Windows\System32\sechost.dll
0x00007ffbc1640000 - 0x00007ffbc1760000 	C:\Windows\System32\RPCRT4.dll
0x00007ffbc2530000 - 0x00007ffbc26dc000 	C:\Windows\System32\USER32.dll
0x00007ffbbf4d0000 - 0x00007ffbbf775000 	C:\Windows\WinSxS\amd64_microsoft.windows.common-controls_6595b64144ccf1df_6.0.22000.120_none_9d947278b86cc467\COMCTL32.dll
0x00007ffbc0a20000 - 0x00007ffbc0a46000 	C:\Windows\System32\win32u.dll
0x00007ffbc2ad0000 - 0x00007ffbc2af9000 	C:\Windows\System32\GDI32.dll
0x00007ffbc1120000 - 0x00007ffbc1232000 	C:\Windows\System32\gdi32full.dll
0x00007ffbbd850000 - 0x00007ffbbd85a000 	C:\Windows\SYSTEM32\VERSION.dll
0x00007ffbc0ad0000 - 0x00007ffbc0b6d000 	C:\Windows\System32\msvcp_win.dll
0x00007ffbc2d10000 - 0x00007ffbc2d41000 	C:\Windows\System32\IMM32.DLL
0x00007ffbbad60000 - 0x00007ffbbad6c000 	C:\Program Files\Java\jdk-17.0.2\bin\vcruntime140_1.dll
0x00007ffb6ed30000 - 0x00007ffb6edbd000 	C:\Program Files\Java\jdk-17.0.2\bin\msvcp140.dll
0x00007ffb6d850000 - 0x00007ffb6e411000 	C:\Program Files\Java\jdk-17.0.2\bin\server\jvm.dll
0x00007ffbc1340000 - 0x00007ffbc1348000 	C:\Windows\System32\PSAPI.DLL
0x00007ffbbfbe0000 - 0x00007ffbbfbe9000 	C:\Windows\SYSTEM32\WSOCK32.dll
0x00007ffbb7c80000 - 0x00007ffbb7cb3000 	C:\Windows\SYSTEM32\WINMM.dll
0x00007ffbc2b00000 - 0x00007ffbc2b6f000 	C:\Windows\System32\WS2_32.dll
0x00007ffbbf3b0000 - 0x00007ffbbf3c8000 	C:\Windows\SYSTEM32\kernel.appcore.dll
0x00007ffbbad50000 - 0x00007ffbbad5a000 	C:\Program Files\Java\jdk-17.0.2\bin\jimage.dll
0x00007ffbbfeb0000 - 0x00007ffbc00d1000 	C:\Windows\SYSTEM32\DBGHELP.DLL
0x00007ffbbf7b0000 - 0x00007ffbbf7e1000 	C:\Windows\SYSTEM32\dbgcore.DLL
0x00007ffbc0a50000 - 0x00007ffbc0acf000 	C:\Windows\System32\bcryptPrimitives.dll
0x00007ffba6fa0000 - 0x00007ffba6fc5000 	C:\Program Files\Java\jdk-17.0.2\bin\java.dll
0x00007ffb6edc0000 - 0x00007ffb6ee96000 	C:\Program Files\Java\jdk-17.0.2\bin\jsvml.dll
0x00007ffbc1d70000 - 0x00007ffbc2528000 	C:\Windows\System32\SHELL32.dll
0x00007ffbbdb40000 - 0x00007ffbbe3a8000 	C:\Windows\SYSTEM32\windows.storage.dll
0x00007ffbc1930000 - 0x00007ffbc1ca9000 	C:\Windows\System32\combase.dll
0x00007ffbbd9d0000 - 0x00007ffbbdb36000 	C:\Windows\SYSTEM32\wintypes.dll
0x00007ffbc2e80000 - 0x00007ffbc2f6a000 	C:\Windows\System32\SHCORE.dll
0x00007ffbc1cb0000 - 0x00007ffbc1d0d000 	C:\Windows\System32\shlwapi.dll
0x00007ffbc0830000 - 0x00007ffbc0851000 	C:\Windows\SYSTEM32\profapi.dll
0x00007ffbbac90000 - 0x00007ffbbaca9000 	C:\Program Files\Java\jdk-17.0.2\bin\net.dll
0x00007ffbb9230000 - 0x00007ffbb933c000 	C:\Windows\SYSTEM32\WINHTTP.dll
0x00007ffbbfb00000 - 0x00007ffbbfb67000 	C:\Windows\system32\mswsock.dll
0x00007ffb92990000 - 0x00007ffb929a6000 	C:\Program Files\Java\jdk-17.0.2\bin\nio.dll
0x00007ffb73fe0000 - 0x00007ffb73ff8000 	C:\Program Files\Java\jdk-17.0.2\bin\zip.dll
0x0000000069ac0000 - 0x0000000069ae4000 	C:\Users\cinth\AppData\Local\Temp\jansi-2.4.0-8098d5b24a40252e-jansi.dll
0x00007ffba7610000 - 0x00007ffba7620000 	C:\Program Files\Java\jdk-17.0.2\bin\verify.dll

dbghelp: loaded successfully - version: 4.0.5 - missing functions: none
symbol engine: initialized successfully - sym options: 0x614 - pdb path: .;C:\Program Files\Java\jdk-17.0.2\bin;C:\Windows\SYSTEM32;C:\Windows\WinSxS\amd64_microsoft.windows.common-controls_6595b64144ccf1df_6.0.22000.120_none_9d947278b86cc467;C:\Program Files\Java\jdk-17.0.2\bin\server;C:\Users\cinth\AppData\Local\Temp

VM Arguments:
jvm_args: -Dmaven.multiModuleProjectDirectory=C:\Users\cinth\OneDrive\Escritorio\PortfolioWebFullStack-develophp\PortfolioWebFullStack-develophp\Backend\cvj17\cv 
java_command: org.apache.maven.wrapper.MavenWrapperMain -Dexec.vmArgs= -Dexec.args=${exec.vmArgs} -classpath %classpath ${exec.mainClass} ${exec.appArgs} -Dexec.executable=C:\Program Files\Java\jdk-17.0.2\bin\java.exe -Dexec.mainClass=com.portfolio.cv.CvApplication -Dexec.classpathScope=runtime -Dexec.appArgs= -Dmaven.ext.class.path=C:\Program Files\NetBeans-12.6\netbeans\java\maven-nblib\netbeans-eventspy.jar -Dfile.encoding=UTF-8 org.codehaus.mojo:exec-maven-plugin:3.0.0:exec
java_class_path (initial): C:\Users\cinth\OneDrive\Escritorio\PortfolioWebFullStack-develophp\PortfolioWebFullStack-develophp\Backend\cvj17\cv\.mvn\wrapper\maven-wrapper.jar
Launcher Type: SUN_STANDARD

[Global flags]
     intx CICompilerCount                          = 3                                         {product} {ergonomic}
     uint ConcGCThreads                            = 1                                         {product} {ergonomic}
     uint G1ConcRefinementThreads                  = 4                                         {product} {ergonomic}
   size_t G1HeapRegionSize                         = 1048576                                   {product} {ergonomic}
    uintx GCDrainStackTargetSize                   = 64                                        {product} {ergonomic}
   size_t InitialHeapSize                          = 134217728                                 {product} {ergonomic}
   size_t MarkStackSize                            = 4194304                                   {product} {ergonomic}
   size_t MaxHeapSize                              = 2130706432                                {product} {ergonomic}
   size_t MaxNewSize                               = 1278214144                                {product} {ergonomic}
   size_t MinHeapDeltaBytes                        = 1048576                                   {product} {ergonomic}
   size_t MinHeapSize                              = 8388608                                   {product} {ergonomic}
    uintx NonNMethodCodeHeapSize                   = 5832780                                {pd product} {ergonomic}
    uintx NonProfiledCodeHeapSize                  = 122912730                              {pd product} {ergonomic}
    uintx ProfiledCodeHeapSize                     = 122912730                              {pd product} {ergonomic}
    uintx ReservedCodeCacheSize                    = 251658240                              {pd product} {ergonomic}
     bool SegmentedCodeCache                       = true                                      {product} {ergonomic}
   size_t SoftMaxHeapSize                          = 2130706432                             {manageable} {ergonomic}
     bool UseCompressedClassPointers               = true                           {product lp64_product} {ergonomic}
     bool UseCompressedOops                        = true                           {product lp64_product} {ergonomic}
     bool UseG1GC                                  = true                                      {product} {ergonomic}
     bool UseLargePagesIndividualAllocation        = false                                  {pd product} {ergonomic}

Logging:
Log output configuration:
 #0: stdout all=warning uptime,level,tags
 #1: stderr all=off uptime,level,tags

Environment Variables:
JAVA_HOME=C:\Program Files\Java\jdk-17.0.2
PATH=C:\Program Files\Common Files\Oracle\Java\javapath;C:\Program Files (x86)\Common Files\Oracle\Java\javapath;C:\ProgramData\Oracle\Java\javapath;C:\Python310\Scripts\;C:\Python310\;C:\Windows\system32;C:\Windows;C:\Windows\System32\Wbem;C:\Windows\System32\WindowsPowerShell\v1.0\;C:\Windows\System32\OpenSSH\;C:\ProgramData\chocolatey\bin;C:\Program Files\Git\cmd;C:\Program Files\nodejs\;C:\Program Files\PowerShell\7\;C:\Program Files\MySQL\MySQL Shell 8.0\bin\;C:\Users\cinth\AppData\Local\Microsoft\WindowsApps;;C:\Users\cinth\AppData\Local\Programs\Microsoft VS Code\bin;C:\Users\cinth\AppData\Roaming\npm
USERNAME=cinth
OS=Windows_NT
PROCESSOR_IDENTIFIER=Intel64 Family 6 Model 60 Stepping 3, GenuineIntel



---------------  S Y S T E M  ---------------

OS:
 Windows 11 , 64 bit Build 22000 (10.0.22000.708)
OS uptime: 0 days 2:35 hours

CPU: total 4 (initial active 4) (4 cores per cpu, 1 threads per core) family 6 model 60 stepping 3 microcode 0x28, cx8, cmov, fxsr, mmx, sse, sse2, sse3, ssse3, sse4.1, sse4.2, popcnt, lzcnt, tsc, tscinvbit, avx, avx2, aes, erms, clmul, bmi1, bmi2, fma, vzeroupper, clflush

Memory: 4k page, system-wide physical 8124M (2062M free)
TotalPageFile size 13500M (AvailPageFile size 2636M)
current process WorkingSet (physical memory assigned to process): 162M, peak: 162M
current process commit charge ("private bytes"): 242M, peak: 242M

vm_info: Java HotSpot(TM) 64-Bit Server VM (17.0.2+8-LTS-86) for windows-amd64 JRE (17.0.2+8-LTS-86), built on Dec  7 2021 21:51:03 by "mach5one" with MS VC++ 16.8 / 16.9 (VS2019)

END.
