#
# A fatal error has been detected by the Java Runtime Environment:
#
#  EXCEPTION_ACCESS_VIOLATION (0xc0000005) at pc=0x00007ffec0efb113, pid=2032, tid=1168
#
# JRE version: Java(TM) SE Runtime Environment (17.0.2+8) (build 17.0.2+8-LTS-86)
# Java VM: Java HotSpot(TM) 64-Bit Server VM (17.0.2+8-LTS-86, mixed mode, sharing, tiered, compressed oops, compressed class ptrs, g1 gc, windows-amd64)
# Problematic frame:
# V  [jvm.dll+0x32b113]
#
# No core dump will be written. Minidumps are not enabled by default on client versions of Windows
#
# If you would like to submit a bug report, please visit:
#   https://bugreport.java.com/bugreport/crash.jsp
#

---------------  S U M M A R Y ------------

Command Line: -Dmaven.multiModuleProjectDirectory=C:\Users\cinth\OneDrive\Escritorio\PortfolioWebFullStack-develophp\PortfolioWebFullStack-develophp\Backend\cvj17\cv org.apache.maven.wrapper.MavenWrapperMain -Dexec.vmArgs= -Dexec.args=${exec.vmArgs} -classpath %classpath ${exec.mainClass} ${exec.appArgs} -Dexec.executable=C:\Program Files\Java\jdk-17.0.2\bin\java.exe -Dexec.mainClass=com.portfolio.cv.CvApplication -Dexec.classpathScope=runtime -Dexec.appArgs= -Dmaven.ext.class.path=C:\Program Files\NetBeans-12.6\netbeans\java\maven-nblib\netbeans-eventspy.jar -Dfile.encoding=UTF-8 org.codehaus.mojo:exec-maven-plugin:3.0.0:exec

Host: Intel(R) Core(TM) i5-4460  CPU @ 3.20GHz, 4 cores, 7G,  Windows 11 , 64 bit Build 22000 (10.0.22000.708)
Time: Sat Jul  2 20:36:55 2022 Hora estándar de Argentina elapsed time: 2.730431 seconds (0d 0h 0m 2s)

---------------  T H R E A D  ---------------

Current thread (0x000001d97a083f20):  JavaThread "C2 CompilerThread0" daemon [_thread_in_native, id=1168, stack(0x000000967b100000,0x000000967b200000)]


Current CompileTask:
C2:   2730 3419   !   4       org.apache.maven.model.Plugin::clone (204 bytes)

Stack: [0x000000967b100000,0x000000967b200000],  sp=0x000000967b1fb9f0,  free space=1006k
Native frames: (J=compiled Java code, j=interpreted, Vv=VM code, C=native code)
V  [jvm.dll+0x32b113]
V  [jvm.dll+0x32c769]
V  [jvm.dll+0x32a12a]
V  [jvm.dll+0x3297da]
V  [jvm.dll+0x215c91]
V  [jvm.dll+0x2150b1]
V  [jvm.dll+0x1a1bbd]
V  [jvm.dll+0x224908]
V  [jvm.dll+0x222a6c]
V  [jvm.dll+0x7859bb]
V  [jvm.dll+0x77ff7a]
V  [jvm.dll+0x66fa35]
C  [ucrtbase.dll+0x26c0c]
C  [KERNEL32.DLL+0x154e0]
C  [ntdll.dll+0x485b]


siginfo: EXCEPTION_ACCESS_VIOLATION (0xc0000005), reading address 0x000001d17bc652a4


Register to memory mapping:

RIP=0x00007ffec0efb113 jvm.dll
RAX=0x000001d97b96da40 points into unknown readable memory: 0x000001d97b960b28 | 28 0b 96 7b d9 01 00 00
RBX=0x0000000000000001 is an unknown value
RCX=0x000001d97b96dac0 points into unknown readable memory: 0x636170612e67726f | 6f 72 67 2e 61 70 61 63
RDX=0x000001d97b96d900 points into unknown readable memory: 0x000001d97b960d30 | 30 0d 96 7b d9 01 00 00
RSP=0x000000967b1fb9f0 is pointing into the stack for thread: 0x000001d97a083f20
RBP=0x000000967b1fbaf0 is pointing into the stack for thread: 0x000001d97a083f20
RSI=0x000001d97b419d18 points into unknown readable memory: 0x000001d17bc65278 | 78 52 c6 7b d1 01 00 00
RDI=0x000001d17bc65278 is an unknown value
R8 =0x0 is NULL
R9 =0x0 is NULL
R10=0x00007ffef0700000 VCRUNTIME140.dll
R11=0x000001d97b96da80 points into unknown readable memory: 0x000001d97bed1090 | 90 10 ed 7b d9 01 00 00
R12=0x000001d97c7c5bf0 points into unknown readable memory: 0x00007ffec1487990 | 90 79 48 c1 fe 7f 00 00
R13=0x000001d97c7caad0 points into unknown readable memory: 0x00007ffec1487990 | 90 79 48 c1 fe 7f 00 00
R14=0x000001d97b419d50 points into unknown readable memory: 0x000001d97b419780 | 80 97 41 7b d9 01 00 00
R15=0x000001d97b960d30 points into unknown readable memory: 0x00007ffec141d740 | 40 d7 41 c1 fe 7f 00 00


Registers:
RAX=0x000001d97b96da40, RBX=0x0000000000000001, RCX=0x000001d97b96dac0, RDX=0x000001d97b96d900
RSP=0x000000967b1fb9f0, RBP=0x000000967b1fbaf0, RSI=0x000001d97b419d18, RDI=0x000001d17bc65278
R8 =0x0000000000000000, R9 =0x0000000000000000, R10=0x00007ffef0700000, R11=0x000001d97b96da80
R12=0x000001d97c7c5bf0, R13=0x000001d97c7caad0, R14=0x000001d97b419d50, R15=0x000001d97b960d30
RIP=0x00007ffec0efb113, EFLAGS=0x0000000000010283

Top of Stack: (sp=0x000000967b1fb9f0)
0x000000967b1fb9f0:   0000000000000008 000001d97b419d00
0x000000967b1fba00:   000001d97b960d30 000000967b1fc080
0x000000967b1fba10:   000001d97b840000 000000967b1fc080
0x000000967b1fba20:   000001d97b9619b0 0000000000000000
0x000000967b1fba30:   000001d97a07e7f0 0000000000000010
0x000000967b1fba40:   000001d97b96da40 00007ffe0000000b
0x000000967b1fba50:   000001d97a07e7f0 0000000000000010
0x000000967b1fba60:   000001d97b96d9c0 00007ffe0000000b
0x000000967b1fba70:   000001d97a07e7f0 00007ffe00000004
0x000000967b1fba80:   000001d97b96d900 000001d900000001
0x000000967b1fba90:   0000000000000003 00000000000005a5
0x000000967b1fbaa0:   000001d97a07e7f0 0000000000000004
0x000000967b1fbab0:   000001d97b96d920 00007ffe00000000
0x000000967b1fbac0:   000001d97c281388 0000000000000000
0x000000967b1fbad0:   000001d97c281388 000001d97b960d30
0x000000967b1fbae0:   000001d97c7caad0 00007ffec0efc92a 

Instructions: (pc=0x00007ffec0efb113)
0x00007ffec0efb013:   03 2b 5f 48 3b 5f 18 73 0a 48 8b 47 20 48 8b 0c
0x00007ffec0efb023:   d8 eb 02 33 c9 8b 41 2c 83 e0 7f 3c 4a 75 5c 48
0x00007ffec0efb033:   8b 41 08 4c 39 78 08 75 52 8b 47 50 49 8b d6 41
0x00007ffec0efb043:   2b 46 50 85 c0 7f 44 79 0e f7 d8 66 90 48 8b 52
0x00007ffec0efb053:   58 48 83 e8 01 75 f6 48 3b fa 75 2f ba a8 00 00
0x00007ffec0efb063:   00 e8 a7 3f 32 00 ba 08 01 00 00 48 8b c8 e8 9a
0x00007ffec0efb073:   3f 32 00 48 8b 74 24 28 8b 48 28 48 8b 46 78 4c
0x00007ffec0efb083:   39 34 c8 0f 84 2f 01 00 00 eb 05 48 8b 74 24 28
0x00007ffec0efb093:   48 8b 45 a8 89 47 7c 8b 5d c8 c6 44 24 20 01 8d
0x00007ffec0efb0a3:   43 01 89 45 c8 3b 5d b8 72 0b 8b d3 48 8d 4d b0
0x00007ffec0efb0b3:   e8 58 42 32 00 48 8b 45 c0 4c 89 3c d8 e9 f6 00
0x00007ffec0efb0c3:   00 00 80 7c 24 21 00 75 0b 49 8b d6 49 8b cf e8
0x00007ffec0efb0d3:   89 2a 32 00 4d 8b ec e9 e1 00 00 00 49 8b 77 10
0x00007ffec0efb0e3:   33 c0 4c 3b f9 48 0f 45 c1 48 89 44 24 38 41 8b
0x00007ffec0efb0f3:   47 20 4c 8d 34 c6 49 3b f6 0f 83 b4 00 00 00 8b
0x00007ffec0efb103:   5d 98 48 8b 55 90 0f 1f 80 00 00 00 00 48 8b 3e
0x00007ffec0efb113:   80 7f 2c 80 75 33 8b c3 85 db 74 0d 90 ff c8 48
0x00007ffec0efb123:   39 3c c2 74 77 85 c0 75 f4 8d 43 01 89 45 98 3b
0x00007ffec0efb133:   5d 88 72 0f 8b d3 48 8d 4d 80 e8 ce 41 32 00 48
0x00007ffec0efb143:   8b 55 90 8b c3 48 89 3c c2 8b 5c 24 78 8d 43 01
0x00007ffec0efb153:   89 44 24 78 3b 5c 24 68 72 0c 8b d3 48 8d 4c 24
0x00007ffec0efb163:   60 e8 a7 41 32 00 48 8b 44 24 70 4c 89 3c d8 8b
0x00007ffec0efb173:   5c 24 58 8d 43 01 89 44 24 58 3b 5c 24 48 72 0c
0x00007ffec0efb183:   8b d3 48 8d 4c 24 40 e8 81 41 32 00 48 8b 44 24
0x00007ffec0efb193:   50 48 89 3c d8 8b 5d 98 48 8b 55 90 48 83 c6 08
0x00007ffec0efb1a3:   49 3b f6 0f 82 64 ff ff ff 4c 8b 7c 24 38 4c 89
0x00007ffec0efb1b3:   7c 24 38 48 8b 74 24 28 4c 8b 74 24 30 8b 54 24
0x00007ffec0efb1c3:   58 85 d2 0f 85 a4 fc ff ff 0f b6 7c 24 20 4c 8b
0x00007ffec0efb1d3:   bc 24 10 01 00 00 48 8b 9c 24 58 01 00 00 4d 3b
0x00007ffec0efb1e3:   ec 74 6e 40 84 ff 74 1a 41 8b 56 28 4c 8b ce 4d
0x00007ffec0efb1f3:   8b c4 49 8b cd e8 43 0a 00 00 4c 8b e8 49 3b c4
0x00007ffec0efb203:   74 52 48 8b 45 a8 41 39 45 7c 75 45 44 8b 45 c8 


Stack slot to memory mapping:
stack at sp + 0 slots: 0x0000000000000008 is an unknown value
stack at sp + 1 slots: 0x000001d97b419d00 points into unknown readable memory: 0x000001d97bed1090 | 90 10 ed 7b d9 01 00 00
stack at sp + 2 slots: 0x000001d97b960d30 points into unknown readable memory: 0x00007ffec141d740 | 40 d7 41 c1 fe 7f 00 00
stack at sp + 3 slots: 0x000000967b1fc080 is pointing into the stack for thread: 0x000001d97a083f20
stack at sp + 4 slots: 0x000001d97b840000 points into unknown readable memory: 0x0000000000000000 | 00 00 00 00 00 00 00 00
stack at sp + 5 slots: 0x000000967b1fc080 is pointing into the stack for thread: 0x000001d97a083f20
stack at sp + 6 slots: 0x000001d97b9619b0 points into unknown readable memory: 0x00007ffec1422030 | 30 20 42 c1 fe 7f 00 00
stack at sp + 7 slots: 0x0 is NULL


---------------  P R O C E S S  ---------------

Threads class SMR info:
_java_thread_list=0x000001d97b52d7d0, length=13, elements={
0x000001d95c820750, 0x000001d97a069270, 0x000001d97a06a0e0, 0x000001d97a080520,
0x000001d97a081ee0, 0x000001d97a082890, 0x000001d97a083240, 0x000001d97a083f20,
0x000001d97a0922f0, 0x000001d97a0b5490, 0x000001d97ac8ce40, 0x000001d97ac979f0,
0x000001d97b591080
}

Java Threads: ( => current thread )
  0x000001d95c820750 JavaThread "main" [_thread_in_native, id=8692, stack(0x000000967a400000,0x000000967a500000)]
  0x000001d97a069270 JavaThread "Reference Handler" daemon [_thread_blocked, id=5832, stack(0x000000967ab00000,0x000000967ac00000)]
  0x000001d97a06a0e0 JavaThread "Finalizer" daemon [_thread_blocked, id=2964, stack(0x000000967ac00000,0x000000967ad00000)]
  0x000001d97a080520 JavaThread "Signal Dispatcher" daemon [_thread_blocked, id=5072, stack(0x000000967ad00000,0x000000967ae00000)]
  0x000001d97a081ee0 JavaThread "Attach Listener" daemon [_thread_blocked, id=4956, stack(0x000000967ae00000,0x000000967af00000)]
  0x000001d97a082890 JavaThread "Service Thread" daemon [_thread_blocked, id=780, stack(0x000000967af00000,0x000000967b000000)]
  0x000001d97a083240 JavaThread "Monitor Deflation Thread" daemon [_thread_blocked, id=4008, stack(0x000000967b000000,0x000000967b100000)]
=>0x000001d97a083f20 JavaThread "C2 CompilerThread0" daemon [_thread_in_native, id=1168, stack(0x000000967b100000,0x000000967b200000)]
  0x000001d97a0922f0 JavaThread "C1 CompilerThread0" daemon [_thread_blocked, id=3388, stack(0x000000967b200000,0x000000967b300000)]
  0x000001d97a0b5490 JavaThread "Sweeper thread" daemon [_thread_blocked, id=10052, stack(0x000000967b300000,0x000000967b400000)]
  0x000001d97ac8ce40 JavaThread "Notification Thread" daemon [_thread_blocked, id=1460, stack(0x000000967b400000,0x000000967b500000)]
  0x000001d97ac979f0 JavaThread "Common-Cleaner" daemon [_thread_blocked, id=5368, stack(0x000000967b600000,0x000000967b700000)]
  0x000001d97b591080 JavaThread "C2 CompilerThread1" daemon [_thread_in_native, id=5964, stack(0x000000967ba00000,0x000000967bb00000)]

Other Threads:
  0x000001d97a063670 VMThread "VM Thread" [stack: 0x000000967aa00000,0x000000967ab00000] [id=8740]
  0x000001d97ac93750 WatcherThread [stack: 0x000000967b500000,0x000000967b600000] [id=2532]
  0x000001d95c85fb00 GCTaskThread "GC Thread#0" [stack: 0x000000967a500000,0x000000967a600000] [id=8668]
  0x000001d97b513940 GCTaskThread "GC Thread#1" [stack: 0x000000967b700000,0x000000967b800000] [id=9544]
  0x000001d97b519e10 GCTaskThread "GC Thread#2" [stack: 0x000000967b800000,0x000000967b900000] [id=2376]
  0x000001d97b51a0c0 GCTaskThread "GC Thread#3" [stack: 0x000000967b900000,0x000000967ba00000] [id=4240]
  0x000001d95c870840 ConcurrentGCThread "G1 Main Marker" [stack: 0x000000967a600000,0x000000967a700000] [id=7864]
  0x000001d95c872a00 ConcurrentGCThread "G1 Conc#0" [stack: 0x000000967a700000,0x000000967a800000] [id=9060]
  0x000001d95c8eb700 ConcurrentGCThread "G1 Refine#0" [stack: 0x000000967a800000,0x000000967a900000] [id=5924]
  0x000001d95c8ec120 ConcurrentGCThread "G1 Service" [stack: 0x000000967a900000,0x000000967aa00000] [id=8764]

Threads with active compile tasks:
C2 CompilerThread0     2779 3419   !   4       org.apache.maven.model.Plugin::clone (204 bytes)
C2 CompilerThread1     2779 3443       4       org.codehaus.plexus.util.xml.Xpp3DomBuilder::build (413 bytes)

VM state: not at safepoint (normal execution)

VM Mutex/Monitor currently owned by a thread: None

Heap address: 0x0000000081000000, size: 2032 MB, Compressed Oops mode: 32-bit

CDS archive(s) mapped at: [0x0000000800000000-0x0000000800bc0000-0x0000000800bc0000), size 12320768, SharedBaseAddress: 0x0000000800000000, ArchiveRelocationMode: 0.
Compressed class space mapped at: 0x0000000800c00000-0x0000000840c00000, reserved size: 1073741824
Narrow klass base: 0x0000000800000000, Narrow klass shift: 0, Narrow klass range: 0x100000000

GC Precious Log:
 CPUs: 4 total, 4 available
 Memory: 8124M
 Large Page Support: Disabled
 NUMA Support: Disabled
 Compressed Oops: Enabled (32-bit)
 Heap Region Size: 1M
 Heap Min Capacity: 8M
 Heap Initial Capacity: 128M
 Heap Max Capacity: 2032M
 Pre-touch: Disabled
 Parallel Workers: 4
 Concurrent Workers: 1
 Concurrent Refinement Workers: 4
 Periodic GC: Disabled

Heap:
 garbage-first heap   total 131072K, used 63881K [0x0000000081000000, 0x0000000100000000)
  region size 1024K, 60 young (61440K), 7 survivors (7168K)
 Metaspace       used 14195K, committed 14464K, reserved 1064960K
  class space    used 1581K, committed 1728K, reserved 1048576K

Heap Regions: E=young(eden), S=young(survivor), O=old, HS=humongous(starts), HC=humongous(continues), CS=collection set, F=free, OA=open archive, CA=closed archive, TAMS=top-at-mark-start (previous, next)
|   0|0x0000000081000000, 0x0000000081100000, 0x0000000081100000|100%| O|  |TAMS 0x0000000081000000, 0x0000000081000000| Untracked 
|   1|0x0000000081100000, 0x0000000081200000, 0x0000000081200000|100%| O|  |TAMS 0x0000000081100000, 0x0000000081100000| Untracked 
|   2|0x0000000081200000, 0x0000000081300000, 0x0000000081300000|100%| O|  |TAMS 0x0000000081200000, 0x0000000081200000| Untracked 
|   3|0x0000000081300000, 0x0000000081365600, 0x0000000081400000| 39%| O|  |TAMS 0x0000000081300000, 0x0000000081300000| Untracked 
|   4|0x0000000081400000, 0x0000000081400000, 0x0000000081500000|  0%| F|  |TAMS 0x0000000081400000, 0x0000000081400000| Untracked 
|   5|0x0000000081500000, 0x0000000081500000, 0x0000000081600000|  0%| F|  |TAMS 0x0000000081500000, 0x0000000081500000| Untracked 
|   6|0x0000000081600000, 0x0000000081600000, 0x0000000081700000|  0%| F|  |TAMS 0x0000000081600000, 0x0000000081600000| Untracked 
|   7|0x0000000081700000, 0x0000000081700000, 0x0000000081800000|  0%| F|  |TAMS 0x0000000081700000, 0x0000000081700000| Untracked 
|   8|0x0000000081800000, 0x0000000081800000, 0x0000000081900000|  0%| F|  |TAMS 0x0000000081800000, 0x0000000081800000| Untracked 
|   9|0x0000000081900000, 0x0000000081900000, 0x0000000081a00000|  0%| F|  |TAMS 0x0000000081900000, 0x0000000081900000| Untracked 
|  10|0x0000000081a00000, 0x0000000081a00000, 0x0000000081b00000|  0%| F|  |TAMS 0x0000000081a00000, 0x0000000081a00000| Untracked 
|  11|0x0000000081b00000, 0x0000000081b00000, 0x0000000081c00000|  0%| F|  |TAMS 0x0000000081b00000, 0x0000000081b00000| Untracked 
|  12|0x0000000081c00000, 0x0000000081c00000, 0x0000000081d00000|  0%| F|  |TAMS 0x0000000081c00000, 0x0000000081c00000| Untracked 
|  13|0x0000000081d00000, 0x0000000081d00000, 0x0000000081e00000|  0%| F|  |TAMS 0x0000000081d00000, 0x0000000081d00000| Untracked 
|  14|0x0000000081e00000, 0x0000000081e00000, 0x0000000081f00000|  0%| F|  |TAMS 0x0000000081e00000, 0x0000000081e00000| Untracked 
|  15|0x0000000081f00000, 0x0000000081f00000, 0x0000000082000000|  0%| F|  |TAMS 0x0000000081f00000, 0x0000000081f00000| Untracked 
|  16|0x0000000082000000, 0x0000000082000000, 0x0000000082100000|  0%| F|  |TAMS 0x0000000082000000, 0x0000000082000000| Untracked 
|  17|0x0000000082100000, 0x0000000082100000, 0x0000000082200000|  0%| F|  |TAMS 0x0000000082100000, 0x0000000082100000| Untracked 
|  18|0x0000000082200000, 0x0000000082200000, 0x0000000082300000|  0%| F|  |TAMS 0x0000000082200000, 0x0000000082200000| Untracked 
|  19|0x0000000082300000, 0x0000000082300000, 0x0000000082400000|  0%| F|  |TAMS 0x0000000082300000, 0x0000000082300000| Untracked 
|  20|0x0000000082400000, 0x0000000082400000, 0x0000000082500000|  0%| F|  |TAMS 0x0000000082400000, 0x0000000082400000| Untracked 
|  21|0x0000000082500000, 0x0000000082500000, 0x0000000082600000|  0%| F|  |TAMS 0x0000000082500000, 0x0000000082500000| Untracked 
|  22|0x0000000082600000, 0x0000000082600000, 0x0000000082700000|  0%| F|  |TAMS 0x0000000082600000, 0x0000000082600000| Untracked 
|  23|0x0000000082700000, 0x0000000082700000, 0x0000000082800000|  0%| F|  |TAMS 0x0000000082700000, 0x0000000082700000| Untracked 
|  24|0x0000000082800000, 0x0000000082800000, 0x0000000082900000|  0%| F|  |TAMS 0x0000000082800000, 0x0000000082800000| Untracked 
|  25|0x0000000082900000, 0x0000000082900000, 0x0000000082a00000|  0%| F|  |TAMS 0x0000000082900000, 0x0000000082900000| Untracked 
|  26|0x0000000082a00000, 0x0000000082a00000, 0x0000000082b00000|  0%| F|  |TAMS 0x0000000082a00000, 0x0000000082a00000| Untracked 
|  27|0x0000000082b00000, 0x0000000082b00000, 0x0000000082c00000|  0%| F|  |TAMS 0x0000000082b00000, 0x0000000082b00000| Untracked 
|  28|0x0000000082c00000, 0x0000000082c00000, 0x0000000082d00000|  0%| F|  |TAMS 0x0000000082c00000, 0x0000000082c00000| Untracked 
|  29|0x0000000082d00000, 0x0000000082d00000, 0x0000000082e00000|  0%| F|  |TAMS 0x0000000082d00000, 0x0000000082d00000| Untracked 
|  30|0x0000000082e00000, 0x0000000082e00000, 0x0000000082f00000|  0%| F|  |TAMS 0x0000000082e00000, 0x0000000082e00000| Untracked 
|  31|0x0000000082f00000, 0x0000000082f00000, 0x0000000083000000|  0%| F|  |TAMS 0x0000000082f00000, 0x0000000082f00000| Untracked 
|  32|0x0000000083000000, 0x0000000083000000, 0x0000000083100000|  0%| F|  |TAMS 0x0000000083000000, 0x0000000083000000| Untracked 
|  33|0x0000000083100000, 0x0000000083100000, 0x0000000083200000|  0%| F|  |TAMS 0x0000000083100000, 0x0000000083100000| Untracked 
|  34|0x0000000083200000, 0x0000000083200000, 0x0000000083300000|  0%| F|  |TAMS 0x0000000083200000, 0x0000000083200000| Untracked 
|  35|0x0000000083300000, 0x0000000083300000, 0x0000000083400000|  0%| F|  |TAMS 0x0000000083300000, 0x0000000083300000| Untracked 
|  36|0x0000000083400000, 0x0000000083400000, 0x0000000083500000|  0%| F|  |TAMS 0x0000000083400000, 0x0000000083400000| Untracked 
|  37|0x0000000083500000, 0x0000000083500000, 0x0000000083600000|  0%| F|  |TAMS 0x0000000083500000, 0x0000000083500000| Untracked 
|  38|0x0000000083600000, 0x0000000083600000, 0x0000000083700000|  0%| F|  |TAMS 0x0000000083600000, 0x0000000083600000| Untracked 
|  39|0x0000000083700000, 0x0000000083700000, 0x0000000083800000|  0%| F|  |TAMS 0x0000000083700000, 0x0000000083700000| Untracked 
|  40|0x0000000083800000, 0x0000000083800000, 0x0000000083900000|  0%| F|  |TAMS 0x0000000083800000, 0x0000000083800000| Untracked 
|  41|0x0000000083900000, 0x0000000083900000, 0x0000000083a00000|  0%| F|  |TAMS 0x0000000083900000, 0x0000000083900000| Untracked 
|  42|0x0000000083a00000, 0x0000000083a00000, 0x0000000083b00000|  0%| F|  |TAMS 0x0000000083a00000, 0x0000000083a00000| Untracked 
|  43|0x0000000083b00000, 0x0000000083b00000, 0x0000000083c00000|  0%| F|  |TAMS 0x0000000083b00000, 0x0000000083b00000| Untracked 
|  44|0x0000000083c00000, 0x0000000083c00000, 0x0000000083d00000|  0%| F|  |TAMS 0x0000000083c00000, 0x0000000083c00000| Untracked 
|  45|0x0000000083d00000, 0x0000000083dfcf30, 0x0000000083e00000| 98%| S|CS|TAMS 0x0000000083d00000, 0x0000000083d00000| Complete 
|  46|0x0000000083e00000, 0x0000000083f00000, 0x0000000083f00000|100%| S|CS|TAMS 0x0000000083e00000, 0x0000000083e00000| Complete 
|  47|0x0000000083f00000, 0x0000000084000000, 0x0000000084000000|100%| S|CS|TAMS 0x0000000083f00000, 0x0000000083f00000| Complete 
|  48|0x0000000084000000, 0x0000000084100000, 0x0000000084100000|100%| S|CS|TAMS 0x0000000084000000, 0x0000000084000000| Complete 
|  49|0x0000000084100000, 0x0000000084200000, 0x0000000084200000|100%| S|CS|TAMS 0x0000000084100000, 0x0000000084100000| Complete 
|  50|0x0000000084200000, 0x0000000084300000, 0x0000000084300000|100%| S|CS|TAMS 0x0000000084200000, 0x0000000084200000| Complete 
|  51|0x0000000084300000, 0x0000000084400000, 0x0000000084400000|100%| S|CS|TAMS 0x0000000084300000, 0x0000000084300000| Complete 
|  52|0x0000000084400000, 0x0000000084400000, 0x0000000084500000|  0%| F|  |TAMS 0x0000000084400000, 0x0000000084400000| Untracked 
|  53|0x0000000084500000, 0x0000000084500000, 0x0000000084600000|  0%| F|  |TAMS 0x0000000084500000, 0x0000000084500000| Untracked 
|  54|0x0000000084600000, 0x0000000084600000, 0x0000000084700000|  0%| F|  |TAMS 0x0000000084600000, 0x0000000084600000| Untracked 
|  55|0x0000000084700000, 0x0000000084700000, 0x0000000084800000|  0%| F|  |TAMS 0x0000000084700000, 0x0000000084700000| Untracked 
|  56|0x0000000084800000, 0x0000000084800000, 0x0000000084900000|  0%| F|  |TAMS 0x0000000084800000, 0x0000000084800000| Untracked 
|  57|0x0000000084900000, 0x0000000084900000, 0x0000000084a00000|  0%| F|  |TAMS 0x0000000084900000, 0x0000000084900000| Untracked 
|  58|0x0000000084a00000, 0x0000000084a00000, 0x0000000084b00000|  0%| F|  |TAMS 0x0000000084a00000, 0x0000000084a00000| Untracked 
|  59|0x0000000084b00000, 0x0000000084b00000, 0x0000000084c00000|  0%| F|  |TAMS 0x0000000084b00000, 0x0000000084b00000| Untracked 
|  60|0x0000000084c00000, 0x0000000084c00000, 0x0000000084d00000|  0%| F|  |TAMS 0x0000000084c00000, 0x0000000084c00000| Untracked 
|  61|0x0000000084d00000, 0x0000000084d00000, 0x0000000084e00000|  0%| F|  |TAMS 0x0000000084d00000, 0x0000000084d00000| Untracked 
|  62|0x0000000084e00000, 0x0000000084e00000, 0x0000000084f00000|  0%| F|  |TAMS 0x0000000084e00000, 0x0000000084e00000| Untracked 
|  63|0x0000000084f00000, 0x0000000084f00000, 0x0000000085000000|  0%| F|  |TAMS 0x0000000084f00000, 0x0000000084f00000| Untracked 
|  64|0x0000000085000000, 0x0000000085000000, 0x0000000085100000|  0%| F|  |TAMS 0x0000000085000000, 0x0000000085000000| Untracked 
|  65|0x0000000085100000, 0x0000000085100000, 0x0000000085200000|  0%| F|  |TAMS 0x0000000085100000, 0x0000000085100000| Untracked 
|  66|0x0000000085200000, 0x0000000085200000, 0x0000000085300000|  0%| F|  |TAMS 0x0000000085200000, 0x0000000085200000| Untracked 
|  67|0x0000000085300000, 0x0000000085300000, 0x0000000085400000|  0%| F|  |TAMS 0x0000000085300000, 0x0000000085300000| Untracked 
|  68|0x0000000085400000, 0x0000000085400000, 0x0000000085500000|  0%| F|  |TAMS 0x0000000085400000, 0x0000000085400000| Untracked 
|  69|0x0000000085500000, 0x0000000085500000, 0x0000000085600000|  0%| F|  |TAMS 0x0000000085500000, 0x0000000085500000| Untracked 
|  70|0x0000000085600000, 0x0000000085600000, 0x0000000085700000|  0%| F|  |TAMS 0x0000000085600000, 0x0000000085600000| Untracked 
|  71|0x0000000085700000, 0x0000000085700000, 0x0000000085800000|  0%| F|  |TAMS 0x0000000085700000, 0x0000000085700000| Untracked 
|  72|0x0000000085800000, 0x0000000085800000, 0x0000000085900000|  0%| F|  |TAMS 0x0000000085800000, 0x0000000085800000| Untracked 
|  73|0x0000000085900000, 0x0000000085900000, 0x0000000085a00000|  0%| F|  |TAMS 0x0000000085900000, 0x0000000085900000| Untracked 
|  74|0x0000000085a00000, 0x0000000085a00000, 0x0000000085b00000|  0%| F|  |TAMS 0x0000000085a00000, 0x0000000085a00000| Untracked 
|  75|0x0000000085b00000, 0x0000000085b82f50, 0x0000000085c00000| 51%| E|  |TAMS 0x0000000085b00000, 0x0000000085b00000| Complete 
|  76|0x0000000085c00000, 0x0000000085d00000, 0x0000000085d00000|100%| E|CS|TAMS 0x0000000085c00000, 0x0000000085c00000| Complete 
|  77|0x0000000085d00000, 0x0000000085e00000, 0x0000000085e00000|100%| E|CS|TAMS 0x0000000085d00000, 0x0000000085d00000| Complete 
|  78|0x0000000085e00000, 0x0000000085f00000, 0x0000000085f00000|100%| E|CS|TAMS 0x0000000085e00000, 0x0000000085e00000| Complete 
|  79|0x0000000085f00000, 0x0000000086000000, 0x0000000086000000|100%| E|CS|TAMS 0x0000000085f00000, 0x0000000085f00000| Complete 
|  80|0x0000000086000000, 0x0000000086100000, 0x0000000086100000|100%| E|CS|TAMS 0x0000000086000000, 0x0000000086000000| Complete 
|  81|0x0000000086100000, 0x0000000086200000, 0x0000000086200000|100%| E|CS|TAMS 0x0000000086100000, 0x0000000086100000| Complete 
|  82|0x0000000086200000, 0x0000000086300000, 0x0000000086300000|100%| E|CS|TAMS 0x0000000086200000, 0x0000000086200000| Complete 
|  83|0x0000000086300000, 0x0000000086400000, 0x0000000086400000|100%| E|CS|TAMS 0x0000000086300000, 0x0000000086300000| Complete 
|  84|0x0000000086400000, 0x0000000086500000, 0x0000000086500000|100%| E|CS|TAMS 0x0000000086400000, 0x0000000086400000| Complete 
|  85|0x0000000086500000, 0x0000000086600000, 0x0000000086600000|100%| E|CS|TAMS 0x0000000086500000, 0x0000000086500000| Complete 
|  86|0x0000000086600000, 0x0000000086700000, 0x0000000086700000|100%| E|CS|TAMS 0x0000000086600000, 0x0000000086600000| Complete 
|  87|0x0000000086700000, 0x0000000086800000, 0x0000000086800000|100%| E|CS|TAMS 0x0000000086700000, 0x0000000086700000| Complete 
|  88|0x0000000086800000, 0x0000000086900000, 0x0000000086900000|100%| E|CS|TAMS 0x0000000086800000, 0x0000000086800000| Complete 
|  89|0x0000000086900000, 0x0000000086a00000, 0x0000000086a00000|100%| E|CS|TAMS 0x0000000086900000, 0x0000000086900000| Complete 
|  90|0x0000000086a00000, 0x0000000086b00000, 0x0000000086b00000|100%| E|CS|TAMS 0x0000000086a00000, 0x0000000086a00000| Complete 
|  91|0x0000000086b00000, 0x0000000086c00000, 0x0000000086c00000|100%| E|CS|TAMS 0x0000000086b00000, 0x0000000086b00000| Complete 
|  92|0x0000000086c00000, 0x0000000086d00000, 0x0000000086d00000|100%| E|CS|TAMS 0x0000000086c00000, 0x0000000086c00000| Complete 
|  93|0x0000000086d00000, 0x0000000086e00000, 0x0000000086e00000|100%| E|CS|TAMS 0x0000000086d00000, 0x0000000086d00000| Complete 
|  94|0x0000000086e00000, 0x0000000086f00000, 0x0000000086f00000|100%| E|CS|TAMS 0x0000000086e00000, 0x0000000086e00000| Complete 
|  95|0x0000000086f00000, 0x0000000087000000, 0x0000000087000000|100%| E|CS|TAMS 0x0000000086f00000, 0x0000000086f00000| Complete 
|  96|0x0000000087000000, 0x0000000087100000, 0x0000000087100000|100%| E|CS|TAMS 0x0000000087000000, 0x0000000087000000| Complete 
|  97|0x0000000087100000, 0x0000000087200000, 0x0000000087200000|100%| E|CS|TAMS 0x0000000087100000, 0x0000000087100000| Complete 
|  98|0x0000000087200000, 0x0000000087300000, 0x0000000087300000|100%| E|CS|TAMS 0x0000000087200000, 0x0000000087200000| Complete 
|  99|0x0000000087300000, 0x0000000087400000, 0x0000000087400000|100%| E|CS|TAMS 0x0000000087300000, 0x0000000087300000| Complete 
| 100|0x0000000087400000, 0x0000000087500000, 0x0000000087500000|100%| E|CS|TAMS 0x0000000087400000, 0x0000000087400000| Complete 
| 101|0x0000000087500000, 0x0000000087600000, 0x0000000087600000|100%| E|CS|TAMS 0x0000000087500000, 0x0000000087500000| Complete 
| 102|0x0000000087600000, 0x0000000087700000, 0x0000000087700000|100%| E|CS|TAMS 0x0000000087600000, 0x0000000087600000| Complete 
| 103|0x0000000087700000, 0x0000000087800000, 0x0000000087800000|100%| E|CS|TAMS 0x0000000087700000, 0x0000000087700000| Complete 
| 104|0x0000000087800000, 0x0000000087900000, 0x0000000087900000|100%| E|CS|TAMS 0x0000000087800000, 0x0000000087800000| Complete 
| 105|0x0000000087900000, 0x0000000087a00000, 0x0000000087a00000|100%| E|CS|TAMS 0x0000000087900000, 0x0000000087900000| Complete 
| 106|0x0000000087a00000, 0x0000000087b00000, 0x0000000087b00000|100%| E|CS|TAMS 0x0000000087a00000, 0x0000000087a00000| Complete 
| 107|0x0000000087b00000, 0x0000000087c00000, 0x0000000087c00000|100%| E|CS|TAMS 0x0000000087b00000, 0x0000000087b00000| Complete 
| 108|0x0000000087c00000, 0x0000000087d00000, 0x0000000087d00000|100%| E|CS|TAMS 0x0000000087c00000, 0x0000000087c00000| Complete 
| 109|0x0000000087d00000, 0x0000000087e00000, 0x0000000087e00000|100%| E|CS|TAMS 0x0000000087d00000, 0x0000000087d00000| Complete 
| 110|0x0000000087e00000, 0x0000000087f00000, 0x0000000087f00000|100%| E|CS|TAMS 0x0000000087e00000, 0x0000000087e00000| Complete 
| 111|0x0000000087f00000, 0x0000000088000000, 0x0000000088000000|100%| E|CS|TAMS 0x0000000087f00000, 0x0000000087f00000| Complete 
| 112|0x0000000088000000, 0x0000000088100000, 0x0000000088100000|100%| E|CS|TAMS 0x0000000088000000, 0x0000000088000000| Complete 
| 113|0x0000000088100000, 0x0000000088200000, 0x0000000088200000|100%| E|CS|TAMS 0x0000000088100000, 0x0000000088100000| Complete 
| 114|0x0000000088200000, 0x0000000088300000, 0x0000000088300000|100%| E|CS|TAMS 0x0000000088200000, 0x0000000088200000| Complete 
| 115|0x0000000088300000, 0x0000000088400000, 0x0000000088400000|100%| E|CS|TAMS 0x0000000088300000, 0x0000000088300000| Complete 
| 116|0x0000000088400000, 0x0000000088500000, 0x0000000088500000|100%| E|CS|TAMS 0x0000000088400000, 0x0000000088400000| Complete 
| 117|0x0000000088500000, 0x0000000088600000, 0x0000000088600000|100%| E|CS|TAMS 0x0000000088500000, 0x0000000088500000| Complete 
| 118|0x0000000088600000, 0x0000000088700000, 0x0000000088700000|100%| E|CS|TAMS 0x0000000088600000, 0x0000000088600000| Complete 
| 119|0x0000000088700000, 0x0000000088800000, 0x0000000088800000|100%| E|CS|TAMS 0x0000000088700000, 0x0000000088700000| Complete 
| 120|0x0000000088800000, 0x0000000088900000, 0x0000000088900000|100%| E|CS|TAMS 0x0000000088800000, 0x0000000088800000| Complete 
| 121|0x0000000088900000, 0x0000000088a00000, 0x0000000088a00000|100%| E|CS|TAMS 0x0000000088900000, 0x0000000088900000| Complete 
| 122|0x0000000088a00000, 0x0000000088b00000, 0x0000000088b00000|100%| E|CS|TAMS 0x0000000088a00000, 0x0000000088a00000| Complete 
| 123|0x0000000088b00000, 0x0000000088c00000, 0x0000000088c00000|100%| E|CS|TAMS 0x0000000088b00000, 0x0000000088b00000| Complete 
| 124|0x0000000088c00000, 0x0000000088d00000, 0x0000000088d00000|100%| E|CS|TAMS 0x0000000088c00000, 0x0000000088c00000| Complete 
| 125|0x0000000088d00000, 0x0000000088e00000, 0x0000000088e00000|100%| E|CS|TAMS 0x0000000088d00000, 0x0000000088d00000| Complete 
| 126|0x0000000088e00000, 0x0000000088f00000, 0x0000000088f00000|100%| E|CS|TAMS 0x0000000088e00000, 0x0000000088e00000| Complete 
| 127|0x0000000088f00000, 0x0000000089000000, 0x0000000089000000|100%| E|CS|TAMS 0x0000000088f00000, 0x0000000088f00000| Complete 

Card table byte_map: [0x000001d973480000,0x000001d973880000] _byte_map_base: 0x000001d973078000

Marking Bits (Prev, Next): (CMBitMap*) 0x000001d95c860110, (CMBitMap*) 0x000001d95c860150
 Prev Bits: [0x000001d973c80000, 0x000001d975c40000)
 Next Bits: [0x000001d975c40000, 0x000001d977c00000)

Polling page: 0x000001d95c000000

Metaspace:

Usage:
  Non-class:     12.34 MB used.
      Class:      1.55 MB used.
       Both:     13.88 MB used.

Virtual space:
  Non-class space:       16.00 MB reserved,      12.44 MB ( 78%) committed,  2 nodes.
      Class space:        1.00 GB reserved,       1.69 MB ( <1%) committed,  1 nodes.
             Both:        1.02 GB reserved,      14.12 MB (  1%) committed. 

Chunk freelists:
   Non-Class:  2.59 MB
       Class:  2.16 MB
        Both:  4.75 MB

MaxMetaspaceSize: unlimited
CompressedClassSpaceSize: 1.00 GB
Initial GC threshold: 21.00 MB
Current GC threshold: 21.00 MB
CDS: on
MetaspaceReclaimPolicy: balanced
 - commit_granule_bytes: 65536.
 - commit_granule_words: 8192.
 - virtual_space_node_default_size: 1048576.
 - enlarge_chunks_in_place: 1.
 - new_chunks_are_fully_committed: 0.
 - uncommit_free_chunks: 1.
 - use_allocation_guard: 0.
 - handle_deallocations: 1.


Internal statistics:

num_allocs_failed_limit: 0.
num_arena_births: 84.
num_arena_deaths: 0.
num_vsnodes_births: 3.
num_vsnodes_deaths: 0.
num_space_committed: 226.
num_space_uncommitted: 0.
num_chunks_returned_to_freelist: 0.
num_chunks_taken_from_freelist: 577.
num_chunk_merges: 0.
num_chunk_splits: 403.
num_chunks_enlarged: 318.
num_purges: 0.
num_inconsistent_stats: 0.

CodeHeap 'non-profiled nmethods': size=120000Kb used=1753Kb max_used=1753Kb free=118246Kb
 bounds [0x000001d96bb50000, 0x000001d96bdc0000, 0x000001d973080000]
CodeHeap 'profiled nmethods': size=120000Kb used=7709Kb max_used=7709Kb free=112290Kb
 bounds [0x000001d964620000, 0x000001d964db0000, 0x000001d96bb50000]
CodeHeap 'non-nmethods': size=5760Kb used=1168Kb max_used=1216Kb free=4591Kb
 bounds [0x000001d964080000, 0x000001d9642f0000, 0x000001d964620000]
 total_blobs=4078 nmethods=3617 adapters=372
 compilation: enabled
              stopped_count=0, restarted_count=0
 full_count=0

Compilation events (20 events):
Event: 2.691 Thread 0x000001d97a0922f0 nmethod 3555 0x000001d96bd04190 code [0x000001d96bd04320, 0x000001d96bd043f8]
Event: 2.692 Thread 0x000001d97a0922f0 3557       3       java.net.URLStreamHandler::sameFile (136 bytes)
Event: 2.692 Thread 0x000001d97a0922f0 nmethod 3557 0x000001d964d75010 code [0x000001d964d75240, 0x000001d964d75ac8]
Event: 2.694 Thread 0x000001d97a0922f0 3558       3       java.util.zip.ZipFile$Source::isManifestName (165 bytes)
Event: 2.694 Thread 0x000001d97a0922f0 nmethod 3558 0x000001d964d75c90 code [0x000001d964d75e60, 0x000001d964d763f8]
Event: 2.694 Thread 0x000001d97a0922f0 3559   !   3       sun.nio.fs.WindowsPath::initOffsets (153 bytes)
Event: 2.696 Thread 0x000001d97a0922f0 nmethod 3559 0x000001d964d76590 code [0x000001d964d76980, 0x000001d964d78eb8]
Event: 2.696 Thread 0x000001d97a0922f0 3561       3       java.util.TreeMap::successor (66 bytes)
Event: 2.696 Thread 0x000001d97a0922f0 nmethod 3561 0x000001d964d79c10 code [0x000001d964d79de0, 0x000001d964d7a158]
Event: 2.696 Thread 0x000001d97a0922f0 3563   !   3       jdk.internal.loader.URLClassPath$JarLoader::getResource (65 bytes)
Event: 2.697 Thread 0x000001d97a0922f0 nmethod 3563 0x000001d964d7a290 code [0x000001d964d7a4e0, 0x000001d964d7af68]
Event: 2.697 Thread 0x000001d97a0922f0 3564   !   3       java.util.jar.JarFile::checkForSpecialAttributes (163 bytes)
Event: 2.697 Thread 0x000001d97a0922f0 nmethod 3564 0x000001d964d7b310 code [0x000001d964d7b620, 0x000001d964d7c878]
Event: 2.697 Thread 0x000001d97a0922f0 3562       3       java.util.jar.JarFile::getJarEntry (9 bytes)
Event: 2.697 Thread 0x000001d97a0922f0 nmethod 3562 0x000001d964d7d010 code [0x000001d964d7d1c0, 0x000001d964d7d488]
Event: 2.697 Thread 0x000001d97a0922f0 3560       3       java.util.TreeMap$PrivateEntryIterator::nextEntry (54 bytes)
Event: 2.698 Thread 0x000001d97a0922f0 nmethod 3560 0x000001d964d7d590 code [0x000001d964d7d760, 0x000001d964d7db88]
Event: 2.698 Thread 0x000001d97a0922f0 3565       3       java.util.TreeMap$KeyIterator::next (8 bytes)
Event: 2.698 Thread 0x000001d97a0922f0 nmethod 3565 0x000001d964d7dd10 code [0x000001d964d7dec0, 0x000001d964d7e008]
Event: 2.698 Thread 0x000001d97a0922f0 3566       3       org.codehaus.plexus.classworlds.realm.Entry::matches (282 bytes)

GC Heap History (6 events):
Event: 0.413 GC heap before
{Heap before GC invocations=0 (full 0):
 garbage-first heap   total 131072K, used 13312K [0x0000000081000000, 0x0000000100000000)
  region size 1024K, 13 young (13312K), 0 survivors (0K)
 Metaspace       used 3808K, committed 4032K, reserved 1056768K
  class space    used 394K, committed 512K, reserved 1048576K
}
Event: 0.418 GC heap after
{Heap after GC invocations=1 (full 0):
 garbage-first heap   total 131072K, used 3336K [0x0000000081000000, 0x0000000100000000)
  region size 1024K, 2 young (2048K), 2 survivors (2048K)
 Metaspace       used 3808K, committed 4032K, reserved 1056768K
  class space    used 394K, committed 512K, reserved 1048576K
}
Event: 0.656 GC heap before
{Heap before GC invocations=1 (full 0):
 garbage-first heap   total 131072K, used 17672K [0x0000000081000000, 0x0000000100000000)
  region size 1024K, 16 young (16384K), 2 survivors (2048K)
 Metaspace       used 5619K, committed 5824K, reserved 1056768K
  class space    used 657K, committed 768K, reserved 1048576K
}
Event: 0.659 GC heap after
{Heap after GC invocations=2 (full 0):
 garbage-first heap   total 131072K, used 4220K [0x0000000081000000, 0x0000000100000000)
  region size 1024K, 1 young (1024K), 1 survivors (1024K)
 Metaspace       used 5619K, committed 5824K, reserved 1056768K
  class space    used 657K, committed 768K, reserved 1048576K
}
Event: 2.070 GC heap before
{Heap before GC invocations=2 (full 0):
 garbage-first heap   total 131072K, used 81020K [0x0000000081000000, 0x0000000100000000)
  region size 1024K, 76 young (77824K), 1 survivors (1024K)
 Metaspace       used 12998K, committed 13248K, reserved 1064960K
  class space    used 1498K, committed 1600K, reserved 1048576K
}
Event: 2.080 GC heap after
{Heap after GC invocations=3 (full 0):
 garbage-first heap   total 131072K, used 10633K [0x0000000081000000, 0x0000000100000000)
  region size 1024K, 7 young (7168K), 7 survivors (7168K)
 Metaspace       used 12998K, committed 13248K, reserved 1064960K
  class space    used 1498K, committed 1600K, reserved 1048576K
}

Deoptimization events (20 events):
Event: 2.481 Thread 0x000001d95c820750 DEOPT PACKING pc=0x000001d964a50684 sp=0x000000967a4fbf40
Event: 2.481 Thread 0x000001d95c820750 DEOPT UNPACKING pc=0x000001d9640d2b43 sp=0x000000967a4fb498 mode 0
Event: 2.503 Thread 0x000001d95c820750 DEOPT PACKING pc=0x000001d964a50684 sp=0x000000967a4fbae0
Event: 2.503 Thread 0x000001d95c820750 DEOPT UNPACKING pc=0x000001d9640d2b43 sp=0x000000967a4fb038 mode 0
Event: 2.508 Thread 0x000001d95c820750 DEOPT PACKING pc=0x000001d964a9b55d sp=0x000000967a4fc470
Event: 2.508 Thread 0x000001d95c820750 DEOPT UNPACKING pc=0x000001d9640d2b43 sp=0x000000967a4fba68 mode 0
Event: 2.559 Thread 0x000001d95c820750 DEOPT PACKING pc=0x000001d9647595db sp=0x000000967a4fb930
Event: 2.559 Thread 0x000001d95c820750 DEOPT UNPACKING pc=0x000001d9640d2b43 sp=0x000000967a4fae10 mode 0
Event: 2.643 Thread 0x000001d95c820750 Uncommon trap: trap_request=0xffffffcc fr.pc=0x000001d96bcb1c0c relative=0x00000000000001ec
Event: 2.643 Thread 0x000001d95c820750 Uncommon trap: reason=intrinsic_or_type_checked_inlining action=make_not_entrant pc=0x000001d96bcb1c0c method=java.util.Arrays.copyOf([Ljava/lang/Object;ILjava/lang/Class;)[Ljava/lang/Object; @ 35 c2
Event: 2.643 Thread 0x000001d95c820750 DEOPT PACKING pc=0x000001d96bcb1c0c sp=0x000000967a4fbf60
Event: 2.643 Thread 0x000001d95c820750 DEOPT UNPACKING pc=0x000001d9640d23a3 sp=0x000000967a4fbef0 mode 2
Event: 2.694 Thread 0x000001d95c820750 Uncommon trap: trap_request=0x000001bb fr.pc=0x000001d96bb80d24 relative=0x0000000000000244
Event: 2.694 Thread 0x000001d95c820750 Uncommon trap: reason=unloaded action=reinterpret pc=0x000001d96bb80d24 method=java.util.jar.JarFile.checkForSpecialAttributes()V @ 99 c2
Event: 2.694 Thread 0x000001d95c820750 DEOPT PACKING pc=0x000001d96bb80d24 sp=0x000000967a4fc8b0
Event: 2.694 Thread 0x000001d95c820750 DEOPT UNPACKING pc=0x000001d9640d23a3 sp=0x000000967a4fc848 mode 2
Event: 2.694 Thread 0x000001d95c820750 Uncommon trap: trap_request=0xffffff45 fr.pc=0x000001d96bb94c8c relative=0x0000000000000a2c
Event: 2.694 Thread 0x000001d95c820750 Uncommon trap: reason=unstable_if action=reinterpret pc=0x000001d96bb94c8c method=java.util.jar.JarFile.isMultiRelease()Z @ 4 c2
Event: 2.694 Thread 0x000001d95c820750 DEOPT PACKING pc=0x000001d96bb94c8c sp=0x000000967a4fce10
Event: 2.694 Thread 0x000001d95c820750 DEOPT UNPACKING pc=0x000001d9640d23a3 sp=0x000000967a4fccb8 mode 2

Classes unloaded (0 events):
No events

Classes redefined (0 events):
No events

Internal exceptions (20 events):
Event: 0.175 Thread 0x000001d95c820750 Exception <a 'java/lang/NullPointerException'{0x0000000088b697c8}> (0x0000000088b697c8) 
thrown [t:\workspace\open\src\hotspot\share\interpreter\linkResolver.cpp, line 1357]
Event: 0.211 Thread 0x000001d95c820750 Exception <a 'java/lang/NullPointerException'{0x0000000088baf528}> (0x0000000088baf528) 
thrown [t:\workspace\open\src\hotspot\share\interpreter\linkResolver.cpp, line 1357]
Event: 0.211 Thread 0x000001d95c820750 Exception <a 'java/lang/NullPointerException'{0x0000000088baf800}> (0x0000000088baf800) 
thrown [t:\workspace\open\src\hotspot\share\interpreter\linkResolver.cpp, line 1357]
Event: 0.211 Thread 0x000001d95c820750 Exception <a 'java/lang/NullPointerException'{0x0000000088bafad8}> (0x0000000088bafad8) 
thrown [t:\workspace\open\src\hotspot\share\interpreter\linkResolver.cpp, line 1357]
Event: 0.211 Thread 0x000001d95c820750 Exception <a 'java/lang/NullPointerException'{0x0000000088bb61a0}> (0x0000000088bb61a0) 
thrown [t:\workspace\open\src\hotspot\share\interpreter\linkResolver.cpp, line 1357]
Event: 0.213 Thread 0x000001d95c820750 Exception <a 'java/lang/NullPointerException'{0x0000000088bcc900}> (0x0000000088bcc900) 
thrown [t:\workspace\open\src\hotspot\share\interpreter\linkResolver.cpp, line 1357]
Event: 0.213 Thread 0x000001d95c820750 Exception <a 'java/lang/NullPointerException'{0x0000000088bccbd8}> (0x0000000088bccbd8) 
thrown [t:\workspace\open\src\hotspot\share\interpreter\linkResolver.cpp, line 1357]
Event: 0.213 Thread 0x000001d95c820750 Exception <a 'java/lang/NullPointerException'{0x0000000088bcceb0}> (0x0000000088bcceb0) 
thrown [t:\workspace\open\src\hotspot\share\interpreter\linkResolver.cpp, line 1357]
Event: 0.213 Thread 0x000001d95c820750 Exception <a 'java/lang/NullPointerException'{0x0000000088bcd188}> (0x0000000088bcd188) 
thrown [t:\workspace\open\src\hotspot\share\interpreter\linkResolver.cpp, line 1357]
Event: 0.481 Thread 0x000001d95c820750 Exception <a 'java/lang/NoSuchMethodError'{0x0000000088c33cb0}: 'java.lang.Object java.lang.invoke.DirectMethodHandle$Holder.newInvokeSpecial(java.lang.Object, java.lang.Object, java.lang.Object, java.lang.Object, java.lang.Object)'> (0x0000000088c33cb0) 
thrown [t:\workspace\open\src\hotspot\share\interpreter\linkResolver.cpp, line 766]
Event: 0.514 Thread 0x000001d95c820750 Exception <a 'java/lang/NoClassDefFoundError'{0x0000000088bc91d8}: javax/enterprise/inject/Typed> (0x0000000088bc91d8) 
thrown [t:\workspace\open\src\hotspot\share\classfile\systemDictionary.cpp, line 245]
Event: 1.174 Thread 0x000001d95c820750 Exception <a 'java/lang/NoClassDefFoundError'{0x000000008719d248}: com/google/inject/servlet/ServletModuleTargetVisitor> (0x000000008719d248) 
thrown [t:\workspace\open\src\hotspot\share\classfile\systemDictionary.cpp, line 245]
Event: 1.264 Thread 0x000001d95c820750 Exception <a 'java/lang/NoSuchMethodError'{0x0000000086fc3af0}: 'java.lang.Object java.lang.invoke.DirectMethodHandle$Holder.invokeStaticInit(java.lang.Object, int, int, int, int)'> (0x0000000086fc3af0) 
thrown [t:\workspace\open\src\hotspot\share\interpreter\linkResolver.cpp, line 766]
Event: 1.397 Thread 0x000001d95c820750 Implicit null exception at 0x000001d96bb755f2 to 0x000001d96bb75bc0
Event: 1.397 Thread 0x000001d95c820750 Implicit null exception at 0x000001d96bb8b372 to 0x000001d96bb8b950
Event: 1.712 Thread 0x000001d95c820750 Implicit null exception at 0x000001d96bc1dfb9 to 0x000001d96bc1f498
Event: 1.713 Thread 0x000001d95c820750 Implicit null exception at 0x000001d96bbdd6ea to 0x000001d96bbdd89c
Event: 1.713 Thread 0x000001d95c820750 Implicit null exception at 0x000001d96bbd31d8 to 0x000001d96bbd326e
Event: 2.388 Thread 0x000001d95c820750 Implicit null exception at 0x000001d96bbc296a to 0x000001d96bbc2b24
Event: 2.388 Thread 0x000001d95c820750 Implicit null exception at 0x000001d96bbd648f to 0x000001d96bbd6509

VM Operations (20 events):
Event: 1.158 Executing VM operation: HandshakeAllThreads
Event: 1.158 Executing VM operation: HandshakeAllThreads done
Event: 1.290 Executing VM operation: HandshakeAllThreads
Event: 1.291 Executing VM operation: HandshakeAllThreads done
Event: 1.347 Executing VM operation: ICBufferFull
Event: 1.347 Executing VM operation: ICBufferFull done
Event: 1.378 Executing VM operation: HandshakeAllThreads
Event: 1.378 Executing VM operation: HandshakeAllThreads done
Event: 1.378 Executing VM operation: HandshakeAllThreads
Event: 1.378 Executing VM operation: HandshakeAllThreads done
Event: 1.718 Executing VM operation: ICBufferFull
Event: 1.718 Executing VM operation: ICBufferFull done
Event: 2.070 Executing VM operation: G1CollectForAllocation
Event: 2.080 Executing VM operation: G1CollectForAllocation done
Event: 2.473 Executing VM operation: ICBufferFull
Event: 2.473 Executing VM operation: ICBufferFull done
Event: 2.679 Executing VM operation: HandshakeAllThreads
Event: 2.679 Executing VM operation: HandshakeAllThreads done
Event: 2.699 Executing VM operation: ICBufferFull
Event: 2.699 Executing VM operation: ICBufferFull done

Events (20 events):
Event: 1.379 loading class java/util/regex/Pattern$Pos
Event: 1.379 loading class java/util/regex/Pattern$Pos done
Event: 1.463 loading class sun/util/resources/LocaleData$CommonResourceBundleProvider
Event: 1.463 loading class sun/util/resources/LocaleData$LocaleDataResourceBundleProvider
Event: 1.463 loading class java/util/spi/ResourceBundleProvider
Event: 1.463 loading class java/util/spi/ResourceBundleProvider done
Event: 1.463 loading class sun/util/resources/LocaleData$LocaleDataResourceBundleProvider done
Event: 1.463 loading class sun/util/resources/LocaleData$CommonResourceBundleProvider done
Event: 1.463 loading class sun/util/resources/Bundles$2
Event: 1.463 loading class sun/util/resources/Bundles$2 done
Event: 1.493 loading class java/lang/Short$ShortCache
Event: 1.493 loading class java/lang/Short$ShortCache done
Event: 1.493 loading class java/lang/Byte$ByteCache
Event: 1.493 loading class java/lang/Byte$ByteCache done
Event: 1.674 loading class java/util/LinkedList$ListItr
Event: 1.674 loading class java/util/LinkedList$ListItr done
Event: 2.033 loading class sun/nio/cs/ISO_8859_1$Decoder
Event: 2.033 loading class sun/nio/cs/ISO_8859_1$Decoder done
Event: 2.509 loading class java/util/Collections$UnmodifiableList$1
Event: 2.509 loading class java/util/Collections$UnmodifiableList$1 done


Dynamic libraries:
0x00007ff782b40000 - 0x00007ff782b50000 	C:\Program Files\Java\jdk-17.0.2\bin\java.exe
0x00007fff20240000 - 0x00007fff20449000 	C:\Windows\SYSTEM32\ntdll.dll
0x00007fff1f820000 - 0x00007fff1f8dd000 	C:\Windows\System32\KERNEL32.DLL
0x00007fff1d720000 - 0x00007fff1da99000 	C:\Windows\System32\KERNELBASE.dll
0x00007fff1dd70000 - 0x00007fff1de81000 	C:\Windows\System32\ucrtbase.dll
0x00007ffef0700000 - 0x00007ffef071a000 	C:\Program Files\Java\jdk-17.0.2\bin\VCRUNTIME140.dll
0x00007ffef6cb0000 - 0x00007ffef6cc8000 	C:\Program Files\Java\jdk-17.0.2\bin\jli.dll
0x00007fff1e770000 - 0x00007fff1e81e000 	C:\Windows\System32\ADVAPI32.dll
0x00007fff1e820000 - 0x00007fff1e8c3000 	C:\Windows\System32\msvcrt.dll
0x00007fff1f690000 - 0x00007fff1f72e000 	C:\Windows\System32\sechost.dll
0x00007fff1e8e0000 - 0x00007fff1ea00000 	C:\Windows\System32\RPCRT4.dll
0x00007fff1ff20000 - 0x00007fff200cc000 	C:\Windows\System32\USER32.dll
0x00007fff1daa0000 - 0x00007fff1dac6000 	C:\Windows\System32\win32u.dll
0x00007fff20140000 - 0x00007fff20169000 	C:\Windows\System32\GDI32.dll
0x00007fff1df30000 - 0x00007fff1e042000 	C:\Windows\System32\gdi32full.dll
0x00007fff1de90000 - 0x00007fff1df2d000 	C:\Windows\System32\msvcp_win.dll
0x00007fff169e0000 - 0x00007fff16c85000 	C:\Windows\WinSxS\amd64_microsoft.windows.common-controls_6595b64144ccf1df_6.0.22000.120_none_9d947278b86cc467\COMCTL32.dll
0x00007fff17150000 - 0x00007fff1715a000 	C:\Windows\SYSTEM32\VERSION.dll
0x00007fff1e440000 - 0x00007fff1e471000 	C:\Windows\System32\IMM32.DLL
0x00007ffef06f0000 - 0x00007ffef06fc000 	C:\Program Files\Java\jdk-17.0.2\bin\vcruntime140_1.dll
0x00007ffec0820000 - 0x00007ffec08ad000 	C:\Program Files\Java\jdk-17.0.2\bin\msvcp140.dll
0x00007ffec0bd0000 - 0x00007ffec1791000 	C:\Program Files\Java\jdk-17.0.2\bin\server\jvm.dll
0x00007fff1f8e0000 - 0x00007fff1f8e8000 	C:\Windows\System32\PSAPI.DLL
0x00007ffef0720000 - 0x00007ffef0729000 	C:\Windows\SYSTEM32\WSOCK32.dll
0x00007fff200d0000 - 0x00007fff2013f000 	C:\Windows\System32\WS2_32.dll
0x00007fff07310000 - 0x00007fff07343000 	C:\Windows\SYSTEM32\WINMM.dll
0x00007fff1c820000 - 0x00007fff1c838000 	C:\Windows\SYSTEM32\kernel.appcore.dll
0x00007ffef06e0000 - 0x00007ffef06ea000 	C:\Program Files\Java\jdk-17.0.2\bin\jimage.dll
0x00007fff19140000 - 0x00007fff19361000 	C:\Windows\SYSTEM32\DBGHELP.DLL
0x00007fff162f0000 - 0x00007fff16321000 	C:\Windows\SYSTEM32\dbgcore.DLL
0x00007fff1e050000 - 0x00007fff1e0cf000 	C:\Windows\System32\bcryptPrimitives.dll
0x00007ffee24f0000 - 0x00007ffee2515000 	C:\Program Files\Java\jdk-17.0.2\bin\java.dll
0x00007ffec0af0000 - 0x00007ffec0bc6000 	C:\Program Files\Java\jdk-17.0.2\bin\jsvml.dll
0x00007fff1eed0000 - 0x00007fff1f688000 	C:\Windows\System32\SHELL32.dll
0x00007fff1b860000 - 0x00007fff1c0c7000 	C:\Windows\SYSTEM32\windows.storage.dll
0x00007fff1fa20000 - 0x00007fff1fd99000 	C:\Windows\System32\combase.dll
0x00007fff1b6f0000 - 0x00007fff1b856000 	C:\Windows\SYSTEM32\wintypes.dll
0x00007fff1f730000 - 0x00007fff1f81a000 	C:\Windows\System32\SHCORE.dll
0x00007fff1fec0000 - 0x00007fff1ff1d000 	C:\Windows\System32\shlwapi.dll
0x00007fff1d650000 - 0x00007fff1d671000 	C:\Windows\SYSTEM32\profapi.dll
0x00007ffee22c0000 - 0x00007ffee22d9000 	C:\Program Files\Java\jdk-17.0.2\bin\net.dll
0x00007fff18c30000 - 0x00007fff18d3c000 	C:\Windows\SYSTEM32\WINHTTP.dll
0x00007fff1cc50000 - 0x00007fff1ccb7000 	C:\Windows\system32\mswsock.dll
0x00007ffee1020000 - 0x00007ffee1036000 	C:\Program Files\Java\jdk-17.0.2\bin\nio.dll
0x00007ffee1000000 - 0x00007ffee1018000 	C:\Program Files\Java\jdk-17.0.2\bin\zip.dll
0x0000000069ac0000 - 0x0000000069ae4000 	C:\Users\cinth\AppData\Local\Temp\jansi-2.4.0-43a5af0fc041442b-jansi.dll
0x00007ffef06d0000 - 0x00007ffef06e0000 	C:\Program Files\Java\jdk-17.0.2\bin\verify.dll

dbghelp: loaded successfully - version: 4.0.5 - missing functions: none
symbol engine: initialized successfully - sym options: 0x614 - pdb path: .;C:\Program Files\Java\jdk-17.0.2\bin;C:\Windows\SYSTEM32;C:\Windows\WinSxS\amd64_microsoft.windows.common-controls_6595b64144ccf1df_6.0.22000.120_none_9d947278b86cc467;C:\Program Files\Java\jdk-17.0.2\bin\server;C:\Users\cinth\AppData\Local\Temp

VM Arguments:
jvm_args: -Dmaven.multiModuleProjectDirectory=C:\Users\cinth\OneDrive\Escritorio\PortfolioWebFullStack-develophp\PortfolioWebFullStack-develophp\Backend\cvj17\cv 
java_command: org.apache.maven.wrapper.MavenWrapperMain -Dexec.vmArgs= -Dexec.args=${exec.vmArgs} -classpath %classpath ${exec.mainClass} ${exec.appArgs} -Dexec.executable=C:\Program Files\Java\jdk-17.0.2\bin\java.exe -Dexec.mainClass=com.portfolio.cv.CvApplication -Dexec.classpathScope=runtime -Dexec.appArgs= -Dmaven.ext.class.path=C:\Program Files\NetBeans-12.6\netbeans\java\maven-nblib\netbeans-eventspy.jar -Dfile.encoding=UTF-8 org.codehaus.mojo:exec-maven-plugin:3.0.0:exec
java_class_path (initial): C:\Users\cinth\OneDrive\Escritorio\PortfolioWebFullStack-develophp\PortfolioWebFullStack-develophp\Backend\cvj17\cv\.mvn\wrapper\maven-wrapper.jar
Launcher Type: SUN_STANDARD

[Global flags]
     intx CICompilerCount                          = 3                                         {product} {ergonomic}
     uint ConcGCThreads                            = 1                                         {product} {ergonomic}
     uint G1ConcRefinementThreads                  = 4                                         {product} {ergonomic}
   size_t G1HeapRegionSize                         = 1048576                                   {product} {ergonomic}
    uintx GCDrainStackTargetSize                   = 64                                        {product} {ergonomic}
   size_t InitialHeapSize                          = 134217728                                 {product} {ergonomic}
   size_t MarkStackSize                            = 4194304                                   {product} {ergonomic}
   size_t MaxHeapSize                              = 2130706432                                {product} {ergonomic}
   size_t MaxNewSize                               = 1278214144                                {product} {ergonomic}
   size_t MinHeapDeltaBytes                        = 1048576                                   {product} {ergonomic}
   size_t MinHeapSize                              = 8388608                                   {product} {ergonomic}
    uintx NonNMethodCodeHeapSize                   = 5832780                                {pd product} {ergonomic}
    uintx NonProfiledCodeHeapSize                  = 122912730                              {pd product} {ergonomic}
    uintx ProfiledCodeHeapSize                     = 122912730                              {pd product} {ergonomic}
    uintx ReservedCodeCacheSize                    = 251658240                              {pd product} {ergonomic}
     bool SegmentedCodeCache                       = true                                      {product} {ergonomic}
   size_t SoftMaxHeapSize                          = 2130706432                             {manageable} {ergonomic}
     bool UseCompressedClassPointers               = true                           {product lp64_product} {ergonomic}
     bool UseCompressedOops                        = true                           {product lp64_product} {ergonomic}
     bool UseG1GC                                  = true                                      {product} {ergonomic}
     bool UseLargePagesIndividualAllocation        = false                                  {pd product} {ergonomic}

Logging:
Log output configuration:
 #0: stdout all=warning uptime,level,tags
 #1: stderr all=off uptime,level,tags

Environment Variables:
JAVA_HOME=C:\Program Files\Java\jdk-17.0.2
PATH=C:\Program Files\Common Files\Oracle\Java\javapath;C:\Program Files (x86)\Common Files\Oracle\Java\javapath;C:\ProgramData\Oracle\Java\javapath;C:\Python310\Scripts\;C:\Python310\;C:\Windows\system32;C:\Windows;C:\Windows\System32\Wbem;C:\Windows\System32\WindowsPowerShell\v1.0\;C:\Windows\System32\OpenSSH\;C:\ProgramData\chocolatey\bin;C:\Program Files\Git\cmd;C:\Program Files\nodejs\;C:\Program Files\PowerShell\7\;C:\Program Files\MySQL\MySQL Shell 8.0\bin\;C:\Users\cinth\AppData\Local\Microsoft\WindowsApps;;C:\Users\cinth\AppData\Local\Programs\Microsoft VS Code\bin;C:\Users\cinth\AppData\Roaming\npm
USERNAME=cinth
OS=Windows_NT
PROCESSOR_IDENTIFIER=Intel64 Family 6 Model 60 Stepping 3, GenuineIntel



---------------  S Y S T E M  ---------------

OS:
 Windows 11 , 64 bit Build 22000 (10.0.22000.708)
OS uptime: 0 days 0:08 hours

CPU: total 4 (initial active 4) (4 cores per cpu, 1 threads per core) family 6 model 60 stepping 3 microcode 0x28, cx8, cmov, fxsr, mmx, sse, sse2, sse3, ssse3, sse4.1, sse4.2, popcnt, lzcnt, tsc, tscinvbit, avx, avx2, aes, erms, clmul, bmi1, bmi2, fma, vzeroupper, clflush

Memory: 4k page, system-wide physical 8124M (4301M free)
TotalPageFile size 13500M (AvailPageFile size 6591M)
current process WorkingSet (physical memory assigned to process): 173M, peak: 174M
current process commit charge ("private bytes"): 252M, peak: 253M

vm_info: Java HotSpot(TM) 64-Bit Server VM (17.0.2+8-LTS-86) for windows-amd64 JRE (17.0.2+8-LTS-86), built on Dec  7 2021 21:51:03 by "mach5one" with MS VC++ 16.8 / 16.9 (VS2019)

END.
